TN:
SF:backtest.js
FN:9,(anonymous_0)
FN:15,(anonymous_1)
FN:43,(anonymous_2)
FN:104,(anonymous_3)
FN:122,(anonymous_4)
FN:187,(anonymous_5)
FN:193,(anonymous_6)
FN:254,(anonymous_7)
FN:267,(anonymous_8)
FN:288,(anonymous_9)
FN:305,(anonymous_10)
FN:306,(anonymous_11)
FN:310,(anonymous_12)
FN:312,(anonymous_13)
FN:317,(anonymous_14)
FN:323,(anonymous_15)
FN:349,(anonymous_16)
FN:368,(anonymous_17)
FN:369,(anonymous_18)
FN:378,(anonymous_19)
FN:381,(anonymous_20)
FN:386,(anonymous_21)
FN:395,(anonymous_22)
FN:436,(anonymous_23)
FN:437,(anonymous_24)
FN:438,(anonymous_25)
FN:439,(anonymous_26)
FN:440,(anonymous_27)
FN:451,(anonymous_28)
FN:454,(anonymous_29)
FN:455,(anonymous_30)
FN:477,(anonymous_31)
FN:485,(anonymous_32)
FN:490,(anonymous_33)
FN:500,(anonymous_34)
FNF:35
FNH:0
FNDA:0,(anonymous_0)
FNDA:0,(anonymous_1)
FNDA:0,(anonymous_2)
FNDA:0,(anonymous_3)
FNDA:0,(anonymous_4)
FNDA:0,(anonymous_5)
FNDA:0,(anonymous_6)
FNDA:0,(anonymous_7)
FNDA:0,(anonymous_8)
FNDA:0,(anonymous_9)
FNDA:0,(anonymous_10)
FNDA:0,(anonymous_11)
FNDA:0,(anonymous_12)
FNDA:0,(anonymous_13)
FNDA:0,(anonymous_14)
FNDA:0,(anonymous_15)
FNDA:0,(anonymous_16)
FNDA:0,(anonymous_17)
FNDA:0,(anonymous_18)
FNDA:0,(anonymous_19)
FNDA:0,(anonymous_20)
FNDA:0,(anonymous_21)
FNDA:0,(anonymous_22)
FNDA:0,(anonymous_23)
FNDA:0,(anonymous_24)
FNDA:0,(anonymous_25)
FNDA:0,(anonymous_26)
FNDA:0,(anonymous_27)
FNDA:0,(anonymous_28)
FNDA:0,(anonymous_29)
FNDA:0,(anonymous_30)
FNDA:0,(anonymous_31)
FNDA:0,(anonymous_32)
FNDA:0,(anonymous_33)
FNDA:0,(anonymous_34)
DA:1,0
DA:2,0
DA:3,0
DA:4,0
DA:5,0
DA:6,0
DA:10,0
DA:11,0
DA:16,0
DA:17,0
DA:20,0
DA:22,0
DA:23,0
DA:32,0
DA:35,0
DA:36,0
DA:37,0
DA:41,0
DA:42,0
DA:43,0
DA:44,0
DA:45,0
DA:46,0
DA:47,0
DA:51,0
DA:54,0
DA:67,0
DA:74,0
DA:77,0
DA:78,0
DA:85,0
DA:86,0
DA:87,0
DA:89,0
DA:96,0
DA:97,0
DA:99,0
DA:105,0
DA:108,0
DA:109,0
DA:110,0
DA:112,0
DA:113,0
DA:114,0
DA:117,0
DA:118,0
DA:119,0
DA:122,0
DA:123,0
DA:124,0
DA:125,0
DA:129,0
DA:130,0
DA:139,0
DA:141,0
DA:143,0
DA:146,0
DA:147,0
DA:148,0
DA:149,0
DA:150,0
DA:151,0
DA:154,0
DA:166,0
DA:167,0
DA:168,0
DA:169,0
DA:170,0
DA:172,0
DA:173,0
DA:175,0
DA:176,0
DA:183,0
DA:188,0
DA:191,0
DA:192,0
DA:193,0
DA:195,0
DA:202,0
DA:203,0
DA:210,0
DA:211,0
DA:218,0
DA:219,0
DA:226,0
DA:227,0
DA:234,0
DA:235,0
DA:242,0
DA:243,0
DA:249,0
DA:256,0
DA:257,0
DA:258,0
DA:260,0
DA:261,0
DA:263,0
DA:268,0
DA:271,0
DA:272,0
DA:273,0
DA:275,0
DA:278,0
DA:279,0
DA:281,0
DA:289,0
DA:291,0
DA:292,0
DA:305,0
DA:306,0
DA:308,0
DA:309,0
DA:310,0
DA:311,0
DA:312,0
DA:314,0
DA:317,0
DA:318,0
DA:319,0
DA:320,0
DA:323,0
DA:324,0
DA:325,0
DA:326,0
DA:328,0
DA:331,0
DA:333,0
DA:350,0
DA:352,0
DA:353,0
DA:354,0
DA:355,0
DA:357,0
DA:358,0
DA:363,0
DA:364,0
DA:369,0
DA:371,0
DA:373,0
DA:375,0
DA:377,0
DA:378,0
DA:381,0
DA:383,0
DA:386,0
DA:391,0
DA:400,0
DA:402,0
DA:403,0
DA:404,0
DA:407,0
DA:408,0
DA:410,0
DA:411,0
DA:412,0
DA:415,0
DA:418,0
DA:423,0
DA:431,0
DA:435,0
DA:436,0
DA:437,0
DA:438,0
DA:439,0
DA:440,0
DA:443,0
DA:452,0
DA:454,0
DA:455,0
DA:457,0
DA:458,0
DA:460,0
DA:463,0
DA:464,0
DA:465,0
DA:466,0
DA:468,0
DA:478,0
DA:479,0
DA:481,0
DA:486,0
DA:491,0
DA:492,0
DA:496,0
DA:501,0
DA:502,0
DA:503,0
DA:507,0
LF:188
LH:0
BRDA:15,0,0,0
BRDA:16,1,0,0
BRDA:16,1,1,0
BRDA:26,2,0,0
BRDA:27,3,0,0
BRDA:28,4,0,0
BRDA:29,5,0,0
BRDA:30,6,0,0
BRDA:31,7,0,0
BRDA:36,8,0,0
BRDA:36,8,1,0
BRDA:42,9,0,0
BRDA:42,9,1,0
BRDA:42,10,0,0
BRDA:42,10,1,0
BRDA:45,11,0,0
BRDA:45,11,1,0
BRDA:45,12,0,0
BRDA:45,12,1,0
BRDA:46,13,0,0
BRDA:46,13,1,0
BRDA:46,14,0,0
BRDA:46,14,1,0
BRDA:117,15,0,0
BRDA:117,15,1,0
BRDA:119,16,0,0
BRDA:119,16,1,0
BRDA:125,17,0,0
BRDA:125,17,1,0
BRDA:125,18,0,0
BRDA:125,18,1,0
BRDA:129,19,0,0
BRDA:129,19,1,0
BRDA:129,20,0,0
BRDA:129,20,1,0
BRDA:139,21,0,0
BRDA:139,21,1,0
BRDA:139,22,0,0
BRDA:139,22,1,0
BRDA:141,23,0,0
BRDA:141,23,1,0
BRDA:147,24,0,0
BRDA:147,24,1,0
BRDA:150,25,0,0
BRDA:150,25,1,0
BRDA:159,26,0,0
BRDA:159,26,1,0
BRDA:163,27,0,0
BRDA:163,27,1,0
BRDA:172,28,0,0
BRDA:172,28,1,0
BRDA:176,29,0,0
BRDA:176,29,1,0
BRDA:176,30,0,0
BRDA:176,30,1,0
BRDA:188,31,0,0
BRDA:188,31,1,0
BRDA:188,31,2,0
BRDA:188,31,3,0
BRDA:188,31,4,0
BRDA:188,31,5,0
BRDA:188,31,6,0
BRDA:188,31,7,0
BRDA:202,32,0,0
BRDA:202,32,1,0
BRDA:203,33,0,0
BRDA:203,33,1,0
BRDA:210,34,0,0
BRDA:210,34,1,0
BRDA:211,35,0,0
BRDA:211,35,1,0
BRDA:218,36,0,0
BRDA:218,36,1,0
BRDA:219,37,0,0
BRDA:219,37,1,0
BRDA:227,38,0,0
BRDA:227,38,1,0
BRDA:234,39,0,0
BRDA:234,39,1,0
BRDA:235,40,0,0
BRDA:235,40,1,0
BRDA:242,41,0,0
BRDA:242,41,1,0
BRDA:243,42,0,0
BRDA:243,42,1,0
BRDA:268,43,0,0
BRDA:268,43,1,0
BRDA:275,44,0,0
BRDA:275,44,1,0
BRDA:291,45,0,0
BRDA:291,45,1,0
BRDA:309,46,0,0
BRDA:309,46,1,0
BRDA:311,47,0,0
BRDA:311,47,1,0
BRDA:314,48,0,0
BRDA:314,48,1,0
BRDA:320,49,0,0
BRDA:320,49,1,0
BRDA:331,50,0,0
BRDA:331,50,1,0
BRDA:349,51,0,0
BRDA:371,52,0,0
BRDA:371,52,1,0
BRDA:395,53,0,0
BRDA:397,54,0,0
BRDA:398,55,0,0
BRDA:399,56,0,0
BRDA:403,57,0,0
BRDA:403,57,1,0
BRDA:452,58,0,0
BRDA:452,58,1,0
BRDA:463,59,0,0
BRDA:463,59,1,0
BRDA:464,60,0,0
BRDA:464,60,1,0
BRDA:465,61,0,0
BRDA:465,61,1,0
BRDA:477,62,0,0
BRDA:478,63,0,0
BRDA:478,63,1,0
BRF:121
BRH:0
end_of_record
TN:
SF:config.js
FNF:0
FNH:0
DA:4,2
LF:1
LH:1
BRDA:6,0,0,2
BRDA:6,0,1,2
BRDA:32,1,0,2
BRDA:32,1,1,2
BRF:4
BRH:4
end_of_record
TN:
SF:db.js
FN:6,(anonymous_0)
FN:23,(anonymous_1)
FN:29,(anonymous_2)
FN:56,(anonymous_3)
FN:84,(anonymous_4)
FN:107,(anonymous_5)
FN:124,(anonymous_6)
FN:125,(anonymous_7)
FN:137,(anonymous_8)
FN:152,(anonymous_9)
FN:154,(anonymous_10)
FN:159,(anonymous_11)
FN:168,(anonymous_12)
FN:174,(anonymous_13)
FN:176,(anonymous_14)
FN:184,(anonymous_15)
FN:189,(anonymous_16)
FN:194,(anonymous_17)
FN:200,(anonymous_18)
FN:203,(anonymous_19)
FN:204,(anonymous_20)
FN:205,(anonymous_21)
FN:218,(anonymous_22)
FN:237,(anonymous_23)
FN:271,(anonymous_24)
FN:280,(anonymous_25)
FN:298,(anonymous_26)
FN:312,(anonymous_27)
FN:318,(anonymous_28)
FN:327,(anonymous_29)
FNF:30
FNH:12
FNDA:2,(anonymous_0)
FNDA:2,(anonymous_1)
FNDA:2,(anonymous_2)
FNDA:0,(anonymous_3)
FNDA:1000,(anonymous_4)
FNDA:0,(anonymous_5)
FNDA:0,(anonymous_6)
FNDA:0,(anonymous_7)
FNDA:0,(anonymous_8)
FNDA:1,(anonymous_9)
FNDA:10,(anonymous_10)
FNDA:1000,(anonymous_11)
FNDA:0,(anonymous_12)
FNDA:11,(anonymous_13)
FNDA:900,(anonymous_14)
FNDA:0,(anonymous_15)
FNDA:0,(anonymous_16)
FNDA:1,(anonymous_17)
FNDA:0,(anonymous_18)
FNDA:0,(anonymous_19)
FNDA:0,(anonymous_20)
FNDA:0,(anonymous_21)
FNDA:1000,(anonymous_22)
FNDA:3000,(anonymous_23)
FNDA:0,(anonymous_24)
FNDA:0,(anonymous_25)
FNDA:0,(anonymous_26)
FNDA:0,(anonymous_27)
FNDA:0,(anonymous_28)
FNDA:0,(anonymous_29)
DA:1,2
DA:2,2
DA:7,2
DA:8,2
DA:11,2
DA:20,2
DA:24,2
DA:25,0
DA:30,2
DA:32,2
DA:33,2
DA:34,0
DA:35,0
DA:39,2
DA:40,2
DA:41,0
DA:45,2
DA:46,2
DA:47,0
DA:50,2
DA:52,0
DA:57,0
DA:59,0
DA:60,0
DA:66,0
DA:72,0
DA:73,0
DA:79,0
DA:85,1000
DA:86,1
DA:88,1000
DA:89,1000
DA:92,1000
DA:93,1000
DA:94,0
DA:98,1000
DA:101,1000
DA:103,1000
DA:108,0
DA:118,0
DA:119,0
DA:120,0
DA:125,0
DA:126,0
DA:127,0
DA:128,0
DA:129,0
DA:130,0
DA:131,0
DA:133,0
DA:138,0
DA:147,0
DA:148,0
DA:153,1
DA:154,10
DA:155,1
DA:160,1000
DA:161,1
DA:163,1000
DA:164,1000
DA:169,0
DA:170,0
DA:175,11
DA:176,900
DA:185,0
DA:190,0
DA:195,1
DA:196,1
DA:201,0
DA:202,0
DA:203,0
DA:204,0
DA:205,0
DA:206,0
DA:208,0
DA:219,1000
DA:220,1
DA:227,1000
DA:228,1000
DA:231,1000
DA:232,1000
DA:233,1000
DA:238,3000
DA:239,3000
DA:241,3000
DA:244,3000
DA:245,24
DA:254,24
DA:257,24
DA:258,0
DA:262,2976
DA:263,2976
DA:264,2976
DA:265,2976
DA:266,2976
DA:272,0
DA:273,0
DA:275,0
DA:276,0
DA:281,0
DA:282,0
DA:284,0
DA:286,0
DA:287,0
DA:289,0
DA:290,0
DA:293,0
DA:294,0
DA:297,0
DA:298,0
DA:300,0
DA:302,0
DA:313,0
DA:314,0
DA:315,0
DA:317,0
DA:318,0
DA:319,0
DA:322,0
DA:323,0
DA:328,0
DA:332,2
LF:122
LH:55
BRDA:24,0,0,0
BRDA:24,0,1,2
BRDA:33,1,0,0
BRDA:33,1,1,2
BRDA:40,2,0,0
BRDA:40,2,1,2
BRDA:46,3,0,0
BRDA:46,3,1,2
BRDA:72,4,0,0
BRDA:72,4,1,0
BRDA:85,5,0,1
BRDA:85,5,1,999
BRDA:93,6,0,0
BRDA:93,6,1,1000
BRDA:107,7,0,0
BRDA:107,8,0,0
BRDA:107,9,0,0
BRDA:126,10,0,0
BRDA:126,10,1,0
BRDA:153,11,0,1
BRDA:153,11,1,0
BRDA:160,12,0,1
BRDA:160,12,1,999
BRDA:164,13,0,1000
BRDA:164,13,1,10
BRDA:174,14,0,0
BRDA:175,15,0,11
BRDA:175,15,1,4
BRDA:184,16,0,0
BRDA:195,17,0,1
BRDA:195,17,1,0
BRDA:205,18,0,0
BRDA:205,18,1,0
BRDA:206,19,0,0
BRDA:206,19,1,0
BRDA:219,20,0,1
BRDA:219,20,1,999
BRDA:244,21,0,24
BRDA:244,21,1,2976
BRDA:244,22,0,3000
BRDA:244,22,1,2997
BRDA:257,23,0,0
BRDA:257,23,1,24
BRDA:271,24,0,0
BRDA:271,25,0,0
BRDA:273,26,0,0
BRDA:273,26,1,0
BRDA:275,27,0,0
BRDA:275,27,1,0
BRDA:280,28,0,0
BRDA:284,29,0,0
BRDA:284,29,1,0
BRDA:287,30,0,0
BRDA:287,30,1,0
BRDA:293,31,0,0
BRDA:293,31,1,0
BRDA:294,32,0,0
BRDA:294,32,1,0
BRF:58
BRH:22
end_of_record
TN:
SF:derivBot.js
FN:6,(anonymous_0)
FN:17,(anonymous_1)
FN:21,(anonymous_2)
FN:27,(anonymous_3)
FN:36,(anonymous_4)
FN:40,(anonymous_5)
FN:43,(anonymous_6)
FN:48,(anonymous_7)
FN:54,(anonymous_8)
FN:58,(anonymous_9)
FN:61,(anonymous_10)
FN:66,(anonymous_11)
FN:73,(anonymous_12)
FN:80,(anonymous_13)
FN:86,(anonymous_14)
FNF:15
FNH:0
FNDA:0,(anonymous_0)
FNDA:0,(anonymous_1)
FNDA:0,(anonymous_2)
FNDA:0,(anonymous_3)
FNDA:0,(anonymous_4)
FNDA:0,(anonymous_5)
FNDA:0,(anonymous_6)
FNDA:0,(anonymous_7)
FNDA:0,(anonymous_8)
FNDA:0,(anonymous_9)
FNDA:0,(anonymous_10)
FNDA:0,(anonymous_11)
FNDA:0,(anonymous_12)
FNDA:0,(anonymous_13)
FNDA:0,(anonymous_14)
DA:2,0
DA:3,0
DA:7,0
DA:8,0
DA:9,0
DA:10,0
DA:11,0
DA:12,0
DA:13,0
DA:14,0
DA:18,0
DA:19,0
DA:21,0
DA:22,0
DA:23,0
DA:24,0
DA:27,0
DA:28,0
DA:29,0
DA:30,0
DA:32,0
DA:36,0
DA:37,0
DA:38,0
DA:39,0
DA:40,0
DA:43,0
DA:44,0
DA:49,0
DA:50,0
DA:51,0
DA:55,0
DA:56,0
DA:58,0
DA:62,0
DA:63,0
DA:68,0
DA:69,0
DA:70,0
DA:74,0
DA:75,0
DA:76,0
DA:81,0
DA:82,0
DA:83,0
DA:87,0
DA:95,0
LF:47
LH:0
BRDA:18,0,0,0
BRDA:18,0,1,0
BRDA:19,1,0,0
BRDA:19,1,1,0
BRDA:49,2,0,0
BRDA:49,2,1,0
BRDA:49,3,0,0
BRDA:49,3,1,0
BRDA:55,4,0,0
BRDA:55,4,1,0
BRDA:74,5,0,0
BRDA:74,5,1,0
BRDA:74,6,0,0
BRDA:74,6,1,0
BRDA:81,7,0,0
BRDA:81,7,1,0
BRDA:81,8,0,0
BRDA:81,8,1,0
BRF:18
BRH:0
end_of_record
TN:
SF:index.js
FN:118,(anonymous_0)
FN:154,(anonymous_1)
FN:169,(anonymous_2)
FN:178,(anonymous_3)
FN:185,(anonymous_4)
FN:192,(anonymous_5)
FN:201,(anonymous_6)
FN:206,(anonymous_7)
FN:213,(anonymous_8)
FN:218,(anonymous_9)
FN:246,(anonymous_10)
FN:281,(anonymous_11)
FN:283,(anonymous_12)
FN:299,(anonymous_13)
FN:301,(anonymous_14)
FN:316,(anonymous_15)
FN:323,(anonymous_16)
FN:339,(anonymous_17)
FN:355,(anonymous_18)
FN:369,(anonymous_19)
FN:381,(anonymous_20)
FN:383,(anonymous_21)
FN:396,(anonymous_22)
FN:415,(anonymous_23)
FN:417,(anonymous_24)
FN:424,(anonymous_25)
FN:426,(anonymous_26)
FN:443,(anonymous_27)
FN:449,(anonymous_28)
FN:454,(anonymous_29)
FN:460,(anonymous_30)
FN:466,(anonymous_31)
FN:472,(anonymous_32)
FN:479,(anonymous_33)
FN:484,(anonymous_34)
FN:490,(anonymous_35)
FN:494,(anonymous_36)
FN:498,(anonymous_37)
FN:501,(anonymous_38)
FN:507,(anonymous_39)
FN:511,(anonymous_40)
FN:525,(anonymous_41)
FN:555,(anonymous_42)
FN:578,(anonymous_43)
FN:595,(anonymous_44)
FN:602,(anonymous_45)
FN:682,(anonymous_46)
FN:684,(anonymous_47)
FN:736,(anonymous_48)
FN:767,(anonymous_49)
FN:826,(anonymous_50)
FN:854,(anonymous_51)
FN:872,(anonymous_52)
FN:887,(anonymous_53)
FN:905,(anonymous_54)
FN:945,(anonymous_55)
FN:1030,(anonymous_56)
FN:1045,(anonymous_57)
FN:1055,(anonymous_58)
FN:1070,(anonymous_59)
FN:1084,(anonymous_60)
FN:1106,(anonymous_61)
FN:1126,(anonymous_62)
FN:1160,(anonymous_63)
FN:1190,(anonymous_64)
FN:1224,(anonymous_65)
FN:1284,(anonymous_66)
FN:1317,(anonymous_67)
FN:1334,(anonymous_68)
FN:1351,(anonymous_69)
FN:1369,(anonymous_70)
FN:1395,(anonymous_71)
FN:1420,(anonymous_72)
FN:1438,(anonymous_73)
FN:1482,(anonymous_74)
FN:1522,(anonymous_75)
FN:1539,(anonymous_76)
FN:1598,(anonymous_77)
FN:1612,(anonymous_78)
FN:1620,(anonymous_79)
FN:1621,(anonymous_80)
FN:1630,(anonymous_81)
FN:1634,(anonymous_82)
FN:1654,(anonymous_83)
FN:1673,(anonymous_84)
FN:1678,(anonymous_85)
FNF:86
FNH:0
FNDA:0,(anonymous_0)
FNDA:0,(anonymous_1)
FNDA:0,(anonymous_2)
FNDA:0,(anonymous_3)
FNDA:0,(anonymous_4)
FNDA:0,(anonymous_5)
FNDA:0,(anonymous_6)
FNDA:0,(anonymous_7)
FNDA:0,(anonymous_8)
FNDA:0,(anonymous_9)
FNDA:0,(anonymous_10)
FNDA:0,(anonymous_11)
FNDA:0,(anonymous_12)
FNDA:0,(anonymous_13)
FNDA:0,(anonymous_14)
FNDA:0,(anonymous_15)
FNDA:0,(anonymous_16)
FNDA:0,(anonymous_17)
FNDA:0,(anonymous_18)
FNDA:0,(anonymous_19)
FNDA:0,(anonymous_20)
FNDA:0,(anonymous_21)
FNDA:0,(anonymous_22)
FNDA:0,(anonymous_23)
FNDA:0,(anonymous_24)
FNDA:0,(anonymous_25)
FNDA:0,(anonymous_26)
FNDA:0,(anonymous_27)
FNDA:0,(anonymous_28)
FNDA:0,(anonymous_29)
FNDA:0,(anonymous_30)
FNDA:0,(anonymous_31)
FNDA:0,(anonymous_32)
FNDA:0,(anonymous_33)
FNDA:0,(anonymous_34)
FNDA:0,(anonymous_35)
FNDA:0,(anonymous_36)
FNDA:0,(anonymous_37)
FNDA:0,(anonymous_38)
FNDA:0,(anonymous_39)
FNDA:0,(anonymous_40)
FNDA:0,(anonymous_41)
FNDA:0,(anonymous_42)
FNDA:0,(anonymous_43)
FNDA:0,(anonymous_44)
FNDA:0,(anonymous_45)
FNDA:0,(anonymous_46)
FNDA:0,(anonymous_47)
FNDA:0,(anonymous_48)
FNDA:0,(anonymous_49)
FNDA:0,(anonymous_50)
FNDA:0,(anonymous_51)
FNDA:0,(anonymous_52)
FNDA:0,(anonymous_53)
FNDA:0,(anonymous_54)
FNDA:0,(anonymous_55)
FNDA:0,(anonymous_56)
FNDA:0,(anonymous_57)
FNDA:0,(anonymous_58)
FNDA:0,(anonymous_59)
FNDA:0,(anonymous_60)
FNDA:0,(anonymous_61)
FNDA:0,(anonymous_62)
FNDA:0,(anonymous_63)
FNDA:0,(anonymous_64)
FNDA:0,(anonymous_65)
FNDA:0,(anonymous_66)
FNDA:0,(anonymous_67)
FNDA:0,(anonymous_68)
FNDA:0,(anonymous_69)
FNDA:0,(anonymous_70)
FNDA:0,(anonymous_71)
FNDA:0,(anonymous_72)
FNDA:0,(anonymous_73)
FNDA:0,(anonymous_74)
FNDA:0,(anonymous_75)
FNDA:0,(anonymous_76)
FNDA:0,(anonymous_77)
FNDA:0,(anonymous_78)
FNDA:0,(anonymous_79)
FNDA:0,(anonymous_80)
FNDA:0,(anonymous_81)
FNDA:0,(anonymous_82)
FNDA:0,(anonymous_83)
FNDA:0,(anonymous_84)
FNDA:0,(anonymous_85)
DA:18,0
DA:19,0
DA:20,0
DA:21,0
DA:22,0
DA:23,0
DA:24,0
DA:27,0
DA:28,0
DA:29,0
DA:30,0
DA:31,0
DA:32,0
DA:33,0
DA:36,0
DA:57,0
DA:58,0
DA:59,0
DA:60,0
DA:64,0
DA:120,0
DA:121,0
DA:122,0
DA:123,0
DA:126,0
DA:127,0
DA:128,0
DA:129,0
DA:130,0
DA:133,0
DA:145,0
DA:146,0
DA:149,0
DA:150,0
DA:151,0
DA:155,0
DA:158,0
DA:164,0
DA:166,0
DA:171,0
DA:172,0
DA:175,0
DA:178,0
DA:179,0
DA:183,0
DA:185,0
DA:186,0
DA:187,0
DA:190,0
DA:192,0
DA:193,0
DA:194,0
DA:195,0
DA:197,0
DA:201,0
DA:202,0
DA:203,0
DA:206,0
DA:207,0
DA:208,0
DA:213,0
DA:214,0
DA:219,0
DA:221,0
DA:222,0
DA:224,0
DA:225,0
DA:227,0
DA:228,0
DA:230,0
DA:231,0
DA:233,0
DA:234,0
DA:236,0
DA:237,0
DA:239,0
DA:240,0
DA:242,0
DA:247,0
DA:249,0
DA:250,0
DA:251,0
DA:255,0
DA:256,0
DA:257,0
DA:258,0
DA:259,0
DA:260,0
DA:261,0
DA:262,0
DA:265,0
DA:272,0
DA:274,0
DA:275,0
DA:277,0
DA:283,0
DA:284,0
DA:285,0
DA:286,0
DA:291,0
DA:294,0
DA:301,0
DA:302,0
DA:303,0
DA:304,0
DA:305,0
DA:306,0
DA:307,0
DA:311,0
DA:318,0
DA:319,0
DA:320,0
DA:324,0
DA:336,0
DA:340,0
DA:349,0
DA:357,0
DA:363,0
DA:370,0
DA:375,0
DA:382,0
DA:383,0
DA:390,0
DA:398,0
DA:401,0
DA:409,0
DA:416,0
DA:417,0
DA:418,0
DA:419,0
DA:426,0
DA:427,0
DA:428,0
DA:432,0
DA:434,0
DA:436,0
DA:439,0
DA:440,0
DA:443,0
DA:444,0
DA:445,0
DA:449,0
DA:450,0
DA:454,0
DA:455,0
DA:456,0
DA:460,0
DA:461,0
DA:462,0
DA:466,0
DA:467,0
DA:468,0
DA:472,0
DA:473,0
DA:474,0
DA:475,0
DA:480,0
DA:481,0
DA:482,0
DA:484,0
DA:485,0
DA:486,0
DA:487,0
DA:490,0
DA:491,0
DA:494,0
DA:495,0
DA:496,0
DA:497,0
DA:498,0
DA:501,0
DA:502,0
DA:506,0
DA:507,0
DA:512,0
DA:513,0
DA:514,0
DA:517,0
DA:521,0
DA:522,0
DA:526,0
DA:527,0
DA:532,0
DA:534,0
DA:535,0
DA:536,0
DA:540,0
DA:541,0
DA:542,0
DA:543,0
DA:545,0
DA:548,0
DA:551,0
DA:556,0
DA:557,0
DA:558,0
DA:561,0
DA:562,0
DA:565,0
DA:566,0
DA:570,0
DA:573,0
DA:575,0
DA:579,0
DA:580,0
DA:583,0
DA:588,0
DA:589,0
DA:590,0
DA:592,0
DA:596,0
DA:599,0
DA:602,0
DA:604,0
DA:605,0
DA:606,0
DA:608,0
DA:609,0
DA:610,0
DA:612,0
DA:613,0
DA:614,0
DA:616,0
DA:617,0
DA:618,0
DA:620,0
DA:621,0
DA:622,0
DA:626,0
DA:627,0
DA:628,0
DA:629,0
DA:633,0
DA:634,0
DA:635,0
DA:636,0
DA:637,0
DA:640,0
DA:647,0
DA:650,0
DA:651,0
DA:654,0
DA:662,0
DA:665,0
DA:666,0
DA:667,0
DA:668,0
DA:669,0
DA:670,0
DA:671,0
DA:673,0
DA:676,0
DA:684,0
DA:685,0
DA:687,0
DA:690,0
DA:691,0
DA:694,0
DA:695,0
DA:696,0
DA:698,0
DA:699,0
DA:703,0
DA:704,0
DA:705,0
DA:707,0
DA:711,0
DA:714,0
DA:715,0
DA:738,0
DA:739,0
DA:741,0
DA:742,0
DA:743,0
DA:747,0
DA:748,0
DA:749,0
DA:750,0
DA:754,0
DA:755,0
DA:756,0
DA:757,0
DA:761,0
DA:762,0
DA:763,0
DA:767,0
DA:770,0
DA:771,0
DA:774,0
DA:782,0
DA:783,0
DA:784,0
DA:788,0
DA:790,0
DA:792,0
DA:793,0
DA:797,0
DA:799,0
DA:800,0
DA:801,0
DA:805,0
DA:806,0
DA:807,0
DA:808,0
DA:809,0
DA:814,0
DA:816,0
DA:827,0
DA:829,0
DA:832,0
DA:835,0
DA:838,0
DA:841,0
DA:844,0
DA:847,0
DA:850,0
DA:855,0
DA:856,0
DA:858,0
DA:859,0
DA:860,0
DA:861,0
DA:865,0
DA:873,0
DA:876,0
DA:877,0
DA:878,0
DA:880,0
DA:888,0
DA:890,0
DA:896,0
DA:900,0
DA:901,0
DA:906,0
DA:909,0
DA:912,0
DA:913,0
DA:914,0
DA:916,0
DA:919,0
DA:920,0
DA:922,0
DA:924,0
DA:926,0
DA:946,0
DA:947,0
DA:951,0
DA:953,0
DA:956,0
DA:962,0
DA:977,0
DA:979,0
DA:980,0
DA:981,0
DA:984,0
DA:986,0
DA:998,0
DA:1001,0
DA:1002,0
DA:1005,0
DA:1013,0
DA:1018,0
DA:1026,0
DA:1028,0
DA:1030,0
DA:1031,0
DA:1035,0
DA:1038,0
DA:1041,0
DA:1046,0
DA:1052,0
DA:1056,0
DA:1057,0
DA:1058,0
DA:1063,0
DA:1066,0
DA:1071,0
DA:1072,0
DA:1073,0
DA:1074,0
DA:1075,0
DA:1076,0
DA:1080,0
DA:1085,0
DA:1086,0
DA:1087,0
DA:1092,0
DA:1095,0
DA:1102,0
DA:1107,0
DA:1108,0
DA:1109,0
DA:1110,0
DA:1111,0
DA:1112,0
DA:1115,0
DA:1122,0
DA:1127,0
DA:1128,0
DA:1130,0
DA:1132,0
DA:1133,0
DA:1136,0
DA:1137,0
DA:1139,0
DA:1140,0
DA:1143,0
DA:1153,0
DA:1156,0
DA:1161,0
DA:1162,0
DA:1163,0
DA:1165,0
DA:1168,0
DA:1174,0
DA:1179,0
DA:1182,0
DA:1183,0
DA:1191,0
DA:1192,0
DA:1193,0
DA:1195,0
DA:1198,0
DA:1205,0
DA:1208,0
DA:1213,0
DA:1216,0
DA:1217,0
DA:1225,0
DA:1226,0
DA:1227,0
DA:1230,0
DA:1231,0
DA:1232,0
DA:1233,0
DA:1235,0
DA:1242,0
DA:1243,0
DA:1247,0
DA:1252,0
DA:1258,0
DA:1261,0
DA:1262,0
DA:1263,0
DA:1267,0
DA:1273,0
DA:1285,0
DA:1287,0
DA:1288,0
DA:1289,0
DA:1290,0
DA:1293,0
DA:1294,0
DA:1296,0
DA:1297,0
DA:1300,0
DA:1306,0
DA:1309,0
DA:1312,0
DA:1318,0
DA:1320,0
DA:1321,0
DA:1331,0
DA:1335,0
DA:1337,0
DA:1338,0
DA:1348,0
DA:1352,0
DA:1354,0
DA:1355,0
DA:1366,0
DA:1370,0
DA:1372,0
DA:1375,0
DA:1381,0
DA:1382,0
DA:1391,0
DA:1398,0
DA:1423,0
DA:1439,0
DA:1440,0
DA:1442,0
DA:1443,0
DA:1444,0
DA:1445,0
DA:1446,0
DA:1447,0
DA:1448,0
DA:1451,0
DA:1452,0
DA:1455,0
DA:1456,0
DA:1466,0
DA:1467,0
DA:1478,0
DA:1479,0
DA:1483,0
DA:1484,0
DA:1485,0
DA:1486,0
DA:1487,0
DA:1489,0
DA:1490,0
DA:1493,0
DA:1495,0
DA:1496,0
DA:1498,0
DA:1499,0
DA:1501,0
DA:1503,0
DA:1505,0
DA:1507,0
DA:1509,0
DA:1510,0
DA:1512,0
DA:1514,0
DA:1518,0
DA:1523,0
DA:1524,0
DA:1527,0
DA:1530,0
DA:1531,0
DA:1532,0
DA:1533,0
DA:1536,0
DA:1540,0
DA:1542,0
DA:1544,0
DA:1546,0
DA:1548,0
DA:1549,0
DA:1550,0
DA:1553,0
DA:1556,0
DA:1559,0
DA:1562,0
DA:1574,0
DA:1586,0
DA:1589,0
DA:1592,0
DA:1594,0
DA:1599,0
DA:1600,0
DA:1601,0
DA:1603,0
DA:1605,0
DA:1608,0
DA:1613,0
DA:1614,0
DA:1615,0
DA:1616,0
DA:1621,0
DA:1622,0
DA:1623,0
DA:1624,0
DA:1627,0
DA:1628,0
DA:1630,0
DA:1631,0
DA:1634,0
DA:1635,0
DA:1636,0
DA:1637,0
DA:1638,0
DA:1639,0
DA:1640,0
DA:1643,0
DA:1644,0
DA:1645,0
DA:1649,0
DA:1650,0
DA:1655,0
DA:1657,0
DA:1658,0
DA:1662,0
DA:1663,0
DA:1665,0
DA:1670,0
DA:1673,0
DA:1674,0
DA:1675,0
DA:1678,0
DA:1679,0
DA:1680,0
DA:1684,0
DA:1686,0
LF:586
LH:0
BRDA:58,0,0,0
BRDA:58,0,1,0
BRDA:219,1,0,0
BRDA:219,1,1,0
BRDA:219,1,2,0
BRDA:219,1,3,0
BRDA:219,1,4,0
BRDA:219,1,5,0
BRDA:219,1,6,0
BRDA:219,1,7,0
BRDA:249,2,0,0
BRDA:249,2,1,0
BRDA:255,3,0,0
BRDA:255,3,1,0
BRDA:256,4,0,0
BRDA:256,4,1,0
BRDA:257,5,0,0
BRDA:257,5,1,0
BRDA:258,6,0,0
BRDA:258,6,1,0
BRDA:259,7,0,0
BRDA:259,7,1,0
BRDA:260,8,0,0
BRDA:260,8,1,0
BRDA:261,9,0,0
BRDA:261,9,1,0
BRDA:262,10,0,0
BRDA:262,10,1,0
BRDA:305,11,0,0
BRDA:305,11,1,0
BRDA:327,12,0,0
BRDA:327,12,1,0
BRDA:332,13,0,0
BRDA:332,13,1,0
BRDA:359,14,0,0
BRDA:359,14,1,0
BRDA:360,15,0,0
BRDA:360,15,1,0
BRDA:418,16,0,0
BRDA:418,16,1,0
BRDA:434,17,0,0
BRDA:434,17,1,0
BRDA:512,18,0,0
BRDA:512,18,1,0
BRDA:512,19,0,0
BRDA:512,19,1,0
BRDA:534,20,0,0
BRDA:534,20,1,0
BRDA:540,21,0,0
BRDA:540,21,1,0
BRDA:540,22,0,0
BRDA:540,22,1,0
BRDA:556,23,0,0
BRDA:556,23,1,0
BRDA:579,24,0,0
BRDA:579,24,1,0
BRDA:604,25,0,0
BRDA:604,25,1,0
BRDA:608,26,0,0
BRDA:608,26,1,0
BRDA:612,27,0,0
BRDA:612,27,1,0
BRDA:616,28,0,0
BRDA:616,28,1,0
BRDA:620,29,0,0
BRDA:620,29,1,0
BRDA:627,30,0,0
BRDA:627,30,1,0
BRDA:634,31,0,0
BRDA:634,31,1,0
BRDA:650,32,0,0
BRDA:650,32,1,0
BRDA:650,33,0,0
BRDA:650,33,1,0
BRDA:668,34,0,0
BRDA:668,34,1,0
BRDA:685,35,0,0
BRDA:685,35,1,0
BRDA:695,36,0,0
BRDA:695,36,1,0
BRDA:704,37,0,0
BRDA:704,37,1,0
BRDA:704,38,0,0
BRDA:704,38,1,0
BRDA:714,39,0,0
BRDA:714,39,1,0
BRDA:741,40,0,0
BRDA:741,40,1,0
BRDA:748,41,0,0
BRDA:748,41,1,0
BRDA:755,42,0,0
BRDA:755,42,1,0
BRDA:763,43,0,0
BRDA:763,43,1,0
BRDA:763,44,0,0
BRDA:763,44,1,0
BRDA:771,45,0,0
BRDA:771,45,1,0
BRDA:782,46,0,0
BRDA:782,46,1,0
BRDA:788,47,0,0
BRDA:788,47,1,0
BRDA:788,48,0,0
BRDA:788,48,1,0
BRDA:790,49,0,0
BRDA:790,49,1,0
BRDA:790,50,0,0
BRDA:790,50,1,0
BRDA:790,50,2,0
BRDA:790,50,3,0
BRDA:799,51,0,0
BRDA:799,51,1,0
BRDA:805,52,0,0
BRDA:805,52,1,0
BRDA:807,53,0,0
BRDA:807,53,1,0
BRDA:827,54,0,0
BRDA:827,54,1,0
BRDA:827,54,2,0
BRDA:827,54,3,0
BRDA:827,54,4,0
BRDA:827,54,5,0
BRDA:827,54,6,0
BRDA:827,54,7,0
BRDA:859,55,0,0
BRDA:859,55,1,0
BRDA:865,56,0,0
BRDA:865,56,1,0
BRDA:873,57,0,0
BRDA:873,57,1,0
BRDA:896,58,0,0
BRDA:896,58,1,0
BRDA:947,59,0,0
BRDA:947,59,1,0
BRDA:951,60,0,0
BRDA:951,60,1,0
BRDA:979,61,0,0
BRDA:979,61,1,0
BRDA:1028,62,0,0
BRDA:1028,62,1,0
BRDA:1074,63,0,0
BRDA:1074,63,1,0
BRDA:1110,64,0,0
BRDA:1110,64,1,0
BRDA:1132,65,0,0
BRDA:1132,65,1,0
BRDA:1139,66,0,0
BRDA:1139,66,1,0
BRDA:1139,67,0,0
BRDA:1139,67,1,0
BRDA:1162,68,0,0
BRDA:1162,68,1,0
BRDA:1192,69,0,0
BRDA:1192,69,1,0
BRDA:1193,70,0,0
BRDA:1193,70,1,0
BRDA:1242,71,0,0
BRDA:1242,71,1,0
BRDA:1242,72,0,0
BRDA:1242,72,1,0
BRDA:1261,73,0,0
BRDA:1261,73,1,0
BRDA:1288,74,0,0
BRDA:1288,74,1,0
BRDA:1296,75,0,0
BRDA:1296,75,1,0
BRDA:1297,76,0,0
BRDA:1297,76,1,0
BRDA:1302,77,0,0
BRDA:1302,77,1,0
BRDA:1318,78,0,0
BRDA:1318,78,1,0
BRDA:1327,79,0,0
BRDA:1327,79,1,0
BRDA:1335,80,0,0
BRDA:1335,80,1,0
BRDA:1343,81,0,0
BRDA:1343,81,1,0
BRDA:1344,82,0,0
BRDA:1344,82,1,0
BRDA:1352,83,0,0
BRDA:1352,83,1,0
BRDA:1381,84,0,0
BRDA:1381,84,1,0
BRDA:1451,85,0,0
BRDA:1451,85,1,0
BRDA:1455,86,0,0
BRDA:1455,86,1,0
BRDA:1455,87,0,0
BRDA:1455,87,1,0
BRDA:1461,88,0,0
BRDA:1461,88,1,0
BRDA:1466,89,0,0
BRDA:1466,89,1,0
BRDA:1472,90,0,0
BRDA:1472,90,1,0
BRDA:1484,91,0,0
BRDA:1484,91,1,0
BRDA:1485,92,0,0
BRDA:1485,92,1,0
BRDA:1495,93,0,0
BRDA:1495,93,1,0
BRDA:1498,94,0,0
BRDA:1498,94,1,0
BRDA:1501,95,0,0
BRDA:1501,95,1,0
BRDA:1505,96,0,0
BRDA:1505,96,1,0
BRDA:1509,97,0,0
BRDA:1509,97,1,0
BRDA:1512,98,0,0
BRDA:1512,98,1,0
BRDA:1524,99,0,0
BRDA:1524,99,1,0
BRDA:1530,100,0,0
BRDA:1530,100,1,0
BRDA:1532,101,0,0
BRDA:1532,101,1,0
BRDA:1542,102,0,0
BRDA:1542,102,1,0
BRDA:1546,103,0,0
BRDA:1546,103,1,0
BRDA:1546,104,0,0
BRDA:1546,104,1,0
BRDA:1549,105,0,0
BRDA:1549,105,1,0
BRDA:1600,106,0,0
BRDA:1600,106,1,0
BRDA:1613,107,0,0
BRDA:1613,107,1,0
BRDA:1613,108,0,0
BRDA:1613,108,1,0
BRDA:1622,109,0,0
BRDA:1622,109,1,0
BRDA:1622,110,0,0
BRDA:1622,110,1,0
BRDA:1637,111,0,0
BRDA:1637,111,1,0
BRDA:1657,112,0,0
BRDA:1657,112,1,0
BRF:240
BRH:0
end_of_record
TN:
SF:ml.js
FN:44,(anonymous_0)
FN:55,(anonymous_1)
FN:82,(anonymous_2)
FN:148,(anonymous_3)
FN:153,(anonymous_4)
FN:154,(anonymous_5)
FN:168,(anonymous_6)
FN:175,(anonymous_7)
FN:176,(anonymous_8)
FN:188,(anonymous_9)
FN:193,(anonymous_10)
FN:212,(anonymous_11)
FN:232,(anonymous_12)
FN:237,(anonymous_13)
FN:238,(anonymous_14)
FN:243,(anonymous_15)
FN:254,(anonymous_16)
FN:257,(anonymous_17)
FN:259,(anonymous_18)
FN:267,(anonymous_19)
FN:337,(anonymous_20)
FN:358,(anonymous_21)
FN:413,(anonymous_22)
FN:423,(anonymous_23)
FN:440,(anonymous_24)
FN:475,(anonymous_25)
FN:496,(anonymous_26)
FN:503,(anonymous_27)
FN:552,(anonymous_28)
FN:582,(anonymous_29)
FN:589,(anonymous_30)
FN:612,(anonymous_31)
FN:633,(anonymous_32)
FN:640,(anonymous_33)
FN:670,(anonymous_34)
FN:673,(anonymous_35)
FN:685,(anonymous_36)
FN:686,(anonymous_37)
FN:694,(anonymous_38)
FN:717,(anonymous_39)
FN:740,(anonymous_40)
FN:759,(anonymous_41)
FN:768,(anonymous_42)
FN:794,(anonymous_43)
FN:816,(anonymous_44)
FN:818,(anonymous_45)
FN:829,(anonymous_46)
FN:851,(anonymous_47)
FN:864,(anonymous_48)
FN:878,(anonymous_49)
FN:893,(anonymous_50)
FN:897,(anonymous_51)
FN:904,(anonymous_52)
FN:920,(anonymous_53)
FN:933,(anonymous_54)
FN:935,(anonymous_55)
FN:946,(anonymous_56)
FN:949,(anonymous_57)
FN:950,(anonymous_58)
FN:954,(anonymous_59)
FN:963,(anonymous_60)
FN:972,(anonymous_61)
FN:978,(anonymous_62)
FN:991,(anonymous_63)
FN:993,(anonymous_64)
FN:999,(anonymous_65)
FN:1010,(anonymous_66)
FN:1011,(anonymous_67)
FN:1022,(anonymous_68)
FN:1023,(anonymous_69)
FN:1029,(anonymous_70)
FN:1043,(anonymous_71)
FN:1045,(anonymous_72)
FN:1049,(anonymous_73)
FN:1061,(anonymous_74)
FN:1064,(anonymous_75)
FN:1067,(anonymous_76)
FN:1079,(anonymous_77)
FN:1080,(anonymous_78)
FN:1085,(anonymous_79)
FN:1100,(anonymous_80)
FN:1101,(anonymous_81)
FN:1114,(anonymous_82)
FN:1115,(anonymous_83)
FN:1123,(anonymous_84)
FN:1128,(anonymous_85)
FN:1132,(anonymous_86)
FN:1137,(anonymous_87)
FN:1141,(anonymous_88)
FN:1142,(anonymous_89)
FN:1145,(anonymous_90)
FN:1146,(anonymous_91)
FN:1146,(anonymous_92)
FN:1149,(anonymous_93)
FN:1164,(anonymous_94)
FN:1167,(anonymous_95)
FN:1192,(anonymous_96)
FN:1209,(anonymous_97)
FN:1215,(anonymous_98)
FN:1246,(anonymous_99)
FN:1274,(anonymous_100)
FN:1288,(anonymous_101)
FN:1307,(anonymous_102)
FN:1352,(anonymous_103)
FN:1392,(anonymous_104)
FNF:105
FNH:67
FNDA:1,(anonymous_0)
FNDA:1,(anonymous_1)
FNDA:1,(anonymous_2)
FNDA:1,(anonymous_3)
FNDA:990,(anonymous_4)
FNDA:990,(anonymous_5)
FNDA:0,(anonymous_6)
FNDA:0,(anonymous_7)
FNDA:0,(anonymous_8)
FNDA:1,(anonymous_9)
FNDA:990,(anonymous_10)
FNDA:1,(anonymous_11)
FNDA:1,(anonymous_12)
FNDA:10,(anonymous_13)
FNDA:10,(anonymous_14)
FNDA:1000,(anonymous_15)
FNDA:10,(anonymous_16)
FNDA:100,(anonymous_17)
FNDA:100,(anonymous_18)
FNDA:1,(anonymous_19)
FNDA:0,(anonymous_20)
FNDA:0,(anonymous_21)
FNDA:1,(anonymous_22)
FNDA:990,(anonymous_23)
FNDA:990,(anonymous_24)
FNDA:0,(anonymous_25)
FNDA:0,(anonymous_26)
FNDA:0,(anonymous_27)
FNDA:1,(anonymous_28)
FNDA:6190,(anonymous_29)
FNDA:3,(anonymous_30)
FNDA:0,(anonymous_31)
FNDA:0,(anonymous_32)
FNDA:0,(anonymous_33)
FNDA:0,(anonymous_34)
FNDA:0,(anonymous_35)
FNDA:0,(anonymous_36)
FNDA:0,(anonymous_37)
FNDA:1,(anonymous_38)
FNDA:1,(anonymous_39)
FNDA:0,(anonymous_40)
FNDA:0,(anonymous_41)
FNDA:0,(anonymous_42)
FNDA:0,(anonymous_43)
FNDA:0,(anonymous_44)
FNDA:0,(anonymous_45)
FNDA:0,(anonymous_46)
FNDA:0,(anonymous_47)
FNDA:0,(anonymous_48)
FNDA:0,(anonymous_49)
FNDA:0,(anonymous_50)
FNDA:0,(anonymous_51)
FNDA:0,(anonymous_52)
FNDA:0,(anonymous_53)
FNDA:1,(anonymous_54)
FNDA:3,(anonymous_55)
FNDA:1,(anonymous_56)
FNDA:990,(anonymous_57)
FNDA:990,(anonymous_58)
FNDA:1,(anonymous_59)
FNDA:1,(anonymous_60)
FNDA:1,(anonymous_61)
FNDA:990,(anonymous_62)
FNDA:1,(anonymous_63)
FNDA:990,(anonymous_64)
FNDA:10,(anonymous_65)
FNDA:1,(anonymous_66)
FNDA:10,(anonymous_67)
FNDA:10,(anonymous_68)
FNDA:100,(anonymous_69)
FNDA:1,(anonymous_70)
FNDA:500,(anonymous_71)
FNDA:99000,(anonymous_72)
FNDA:495000,(anonymous_73)
FNDA:500,(anonymous_74)
FNDA:99000,(anonymous_75)
FNDA:9900000,(anonymous_76)
FNDA:1,(anonymous_77)
FNDA:990,(anonymous_78)
FNDA:990,(anonymous_79)
FNDA:0,(anonymous_80)
FNDA:0,(anonymous_81)
FNDA:1,(anonymous_82)
FNDA:10,(anonymous_83)
FNDA:0,(anonymous_84)
FNDA:0,(anonymous_85)
FNDA:0,(anonymous_86)
FNDA:0,(anonymous_87)
FNDA:495000,(anonymous_88)
FNDA:49500000,(anonymous_89)
FNDA:1,(anonymous_90)
FNDA:101,(anonymous_91)
FNDA:99990,(anonymous_92)
FNDA:3,(anonymous_93)
FNDA:1,(anonymous_94)
FNDA:101,(anonymous_95)
FNDA:101,(anonymous_96)
FNDA:2,(anonymous_97)
FNDA:100,(anonymous_98)
FNDA:2,(anonymous_99)
FNDA:2,(anonymous_100)
FNDA:20,(anonymous_101)
FNDA:0,(anonymous_102)
FNDA:0,(anonymous_103)
FNDA:0,(anonymous_104)
DA:1,1
DA:2,1
DA:45,1
DA:46,1
DA:47,1
DA:48,1
DA:49,1
DA:50,1
DA:51,1
DA:56,1
DA:58,1
DA:60,1
DA:61,990
DA:62,990
DA:64,9900
DA:65,9900
DA:66,9900
DA:67,9900
DA:71,990
DA:72,990
DA:73,990
DA:75,990
DA:78,1
DA:83,1
DA:84,0
DA:85,0
DA:88,1
DA:90,1
DA:91,1
DA:92,1
DA:94,1
DA:95,0
DA:96,0
DA:99,1
DA:101,1
DA:104,1
DA:107,1
DA:110,1
DA:113,1
DA:116,1
DA:119,1
DA:122,1
DA:125,1
DA:126,1
DA:129,1
DA:130,0
DA:133,0
DA:134,0
DA:135,0
DA:136,0
DA:138,0
DA:140,1
DA:141,1
DA:143,1
DA:149,1
DA:151,1
DA:153,990
DA:154,990
DA:157,1
DA:159,1
DA:160,1
DA:162,0
DA:163,0
DA:170,0
DA:172,0
DA:174,0
DA:175,0
DA:176,0
DA:179,0
DA:180,0
DA:182,0
DA:183,0
DA:189,1
DA:191,1
DA:193,990
DA:196,1
DA:203,1
DA:204,1
DA:206,0
DA:207,0
DA:213,1
DA:215,1
DA:216,1
DA:223,1
DA:224,1
DA:226,0
DA:227,0
DA:233,1
DA:235,1
DA:237,10
DA:238,10
DA:243,1000
DA:246,1
DA:247,999
DA:248,999
DA:249,999
DA:253,1
DA:254,10
DA:256,1
DA:257,100
DA:258,10
DA:259,100
DA:263,1
DA:268,1
DA:269,0
DA:270,0
DA:273,1
DA:274,1
DA:277,1
DA:278,1
DA:279,1
DA:281,1
DA:283,980
DA:284,980
DA:285,9800
DA:286,9800
DA:287,9800
DA:288,9800
DA:290,980
DA:293,980
DA:294,980
DA:295,980
DA:296,980
DA:299,1
DA:300,0
DA:301,0
DA:305,1
DA:306,1
DA:309,1
DA:312,1
DA:315,1
DA:316,0
DA:317,0
DA:318,0
DA:321,0
DA:322,0
DA:325,0
DA:332,0
DA:338,0
DA:339,0
DA:346,0
DA:348,0
DA:349,0
DA:352,1
DA:353,1
DA:359,0
DA:360,0
DA:362,0
DA:363,0
DA:365,0
DA:366,0
DA:370,0
DA:371,0
DA:373,0
DA:374,0
DA:375,0
DA:376,0
DA:380,0
DA:381,0
DA:382,0
DA:385,0
DA:386,0
DA:388,0
DA:389,0
DA:390,0
DA:391,0
DA:396,0
DA:397,0
DA:399,0
DA:407,0
DA:408,0
DA:414,1
DA:415,0
DA:416,0
DA:419,1
DA:420,1
DA:423,1
DA:424,990
DA:426,990
DA:427,990
DA:428,990
DA:429,9900
DA:431,990
DA:440,990
DA:443,1
DA:444,1
DA:447,1
DA:450,1
DA:451,1
DA:453,1
DA:454,1
DA:456,1
DA:457,1
DA:459,1
DA:460,1
DA:463,1
DA:470,1
DA:476,0
DA:477,0
DA:484,0
DA:486,0
DA:487,0
DA:490,1
DA:491,1
DA:497,0
DA:498,0
DA:500,0
DA:502,0
DA:503,0
DA:504,0
DA:505,0
DA:506,0
DA:510,0
DA:519,0
DA:520,0
DA:521,0
DA:524,0
DA:525,0
DA:527,0
DA:528,0
DA:529,0
DA:530,0
DA:535,0
DA:536,0
DA:538,0
DA:546,0
DA:547,0
DA:553,1
DA:555,1
DA:562,1
DA:563,997
DA:564,997
DA:565,2991
DA:567,997
DA:568,997
DA:570,997
DA:571,619
DA:572,619
DA:575,997
DA:576,997
DA:580,1
DA:581,619
DA:582,6190
DA:585,1
DA:590,3
DA:591,3
DA:593,2
DA:595,2
DA:606,0
DA:607,0
DA:610,0
DA:611,0
DA:612,0
DA:615,0
DA:618,0
DA:619,0
DA:621,0
DA:622,0
DA:623,0
DA:624,0
DA:625,0
DA:627,0
DA:632,0
DA:633,0
DA:637,0
DA:638,0
DA:640,0
DA:641,0
DA:642,0
DA:643,0
DA:648,0
DA:649,0
DA:651,0
DA:652,0
DA:655,0
DA:664,2
DA:665,2
DA:671,0
DA:673,0
DA:674,0
DA:677,0
DA:678,0
DA:679,0
DA:680,0
DA:681,0
DA:685,0
DA:686,0
DA:689,0
DA:690,0
DA:695,1
DA:696,1
DA:698,0
DA:699,0
DA:700,0
DA:702,0
DA:703,0
DA:704,0
DA:705,0
DA:709,0
DA:718,1
DA:719,1
DA:721,1
DA:722,0
DA:723,0
DA:726,0
DA:727,0
DA:729,0
DA:730,0
DA:731,0
DA:737,0
DA:738,0
DA:740,0
DA:741,0
DA:742,0
DA:743,0
DA:747,0
DA:760,0
DA:761,0
DA:763,0
DA:764,0
DA:765,0
DA:767,0
DA:768,0
DA:769,0
DA:770,0
DA:772,0
DA:773,0
DA:774,0
DA:775,0
DA:783,0
DA:785,0
DA:795,0
DA:797,0
DA:798,0
DA:800,0
DA:801,0
DA:802,0
DA:803,0
DA:804,0
DA:807,0
DA:810,0
DA:811,0
DA:812,0
DA:816,0
DA:817,0
DA:818,0
DA:821,0
DA:830,0
DA:831,0
DA:833,0
DA:834,0
DA:835,0
DA:838,0
DA:839,0
DA:842,0
DA:843,0
DA:845,0
DA:846,0
DA:852,0
DA:853,0
DA:854,0
DA:855,0
DA:856,0
DA:858,0
DA:859,0
DA:865,0
DA:866,0
DA:867,0
DA:869,0
DA:879,0
DA:881,0
DA:882,0
DA:883,0
DA:884,0
DA:885,0
DA:889,0
DA:894,0
DA:896,0
DA:897,0
DA:904,0
DA:905,0
DA:906,0
DA:909,0
DA:910,0
DA:911,0
DA:912,0
DA:918,0
DA:919,0
DA:920,0
DA:921,0
DA:923,0
DA:924,0
DA:926,0
DA:929,0
DA:934,1
DA:935,1
DA:936,3
DA:937,3
DA:938,2938
DA:939,2938
DA:941,3
DA:943,1
DA:947,1
DA:949,990
DA:950,990
DA:951,1
DA:955,1
DA:956,1
DA:957,10
DA:958,10
DA:960,1
DA:964,1
DA:965,1
DA:966,10
DA:967,10
DA:969,1
DA:974,1
DA:975,1
DA:978,990
DA:979,1
DA:982,1
DA:983,1
DA:984,1
DA:985,1
DA:986,1
DA:988,1
DA:992,1
DA:993,1
DA:994,990
DA:995,990
DA:998,1
DA:999,10
DA:1001,1
DA:1011,10
DA:1012,1
DA:1014,1
DA:1015,989
DA:1016,989
DA:1017,989
DA:1018,989
DA:1022,1
DA:1023,100
DA:1026,1
DA:1031,1
DA:1032,1
DA:1035,1
DA:1036,1
DA:1037,5
DA:1038,5
DA:1041,1
DA:1043,500
DA:1045,100
DA:1046,99000
DA:1047,99000
DA:1049,99000
DA:1050,495000
DA:1051,495000
DA:1052,193199
DA:1053,193199
DA:1057,99000
DA:1061,100
DA:1062,500
DA:1064,99000
DA:1065,500
DA:1066,500
DA:1067,9900000
DA:1068,50000
DA:1070,500
DA:1073,100
DA:1076,1
DA:1080,990
DA:1081,1
DA:1082,1
DA:1084,1
DA:1085,1
DA:1086,990
DA:1087,990
DA:1088,0
DA:1092,1
DA:1101,0
DA:1102,0
DA:1115,1
DA:1116,10
DA:1117,10
DA:1119,10
DA:1124,0
DA:1125,0
DA:1126,0
DA:1128,0
DA:1129,0
DA:1133,0
DA:1134,0
DA:1135,0
DA:1137,0
DA:1138,0
DA:1142,49500000
DA:1146,99990
DA:1150,3
DA:1151,3
DA:1152,303
DA:1153,303
DA:1154,10201
DA:1155,10201
DA:1156,10098990
DA:1158,10201
DA:1161,3
DA:1166,1
DA:1167,101
DA:1170,1
DA:1172,101
DA:1173,101
DA:1174,5050
DA:1175,18
DA:1180,101
DA:1183,101
DA:1184,5050
DA:1185,5050
DA:1186,853450
DA:1192,101
DA:1193,1
DA:1194,101
DA:1195,10201
DA:1197,101
DA:1198,5050
DA:1199,5050
DA:1200,510050
DA:1205,1
DA:1210,2
DA:1212,2
DA:1214,2
DA:1215,2
DA:1216,100
DA:1217,100
DA:1218,100
DA:1222,2
DA:1225,2
DA:1226,2
DA:1227,1002
DA:1231,2
DA:1232,2
DA:1233,2
DA:1235,2
DA:1241,0
DA:1242,0
DA:1247,2
DA:1249,2
DA:1251,2
DA:1252,2
DA:1253,2
DA:1256,2
DA:1259,2
DA:1260,2
DA:1261,2
DA:1263,2
DA:1269,0
DA:1270,0
DA:1275,2
DA:1277,2
DA:1279,2
DA:1280,2
DA:1283,2
DA:1284,2
DA:1286,2
DA:1287,2
DA:1288,2
DA:1289,20
DA:1290,8
DA:1291,8
DA:1295,2
DA:1301,0
DA:1302,0
DA:1308,0
DA:1309,0
DA:1312,0
DA:1313,0
DA:1314,0
DA:1315,0
DA:1319,0
DA:1322,0
DA:1323,0
DA:1325,0
DA:1326,0
DA:1329,0
DA:1330,0
DA:1335,0
DA:1336,0
DA:1338,0
DA:1340,0
DA:1343,0
DA:1344,0
DA:1348,0
DA:1354,0
DA:1355,0
DA:1356,0
DA:1357,0
DA:1358,0
DA:1363,0
DA:1365,0
DA:1366,0
DA:1368,0
DA:1369,0
DA:1373,0
DA:1374,0
DA:1379,0
DA:1381,0
DA:1382,0
DA:1384,0
DA:1385,0
DA:1389,0
DA:1390,0
DA:1392,0
DA:1393,0
DA:1394,0
DA:1400,0
DA:1404,1
LF:615
LH:317
BRDA:55,0,0,0
BRDA:56,1,0,0
BRDA:56,1,1,1
BRDA:56,2,0,1
BRDA:56,2,1,1
BRDA:82,3,0,1
BRDA:83,4,0,0
BRDA:83,4,1,1
BRDA:91,5,0,1
BRDA:91,5,1,1
BRDA:94,6,0,0
BRDA:94,6,1,1
BRDA:133,7,0,0
BRDA:133,7,1,0
BRDA:135,8,0,0
BRDA:135,8,1,0
BRDA:149,9,0,0
BRDA:149,9,1,1
BRDA:149,10,0,1
BRDA:149,10,1,1
BRDA:170,11,0,0
BRDA:170,11,1,0
BRDA:170,12,0,0
BRDA:170,12,1,0
BRDA:189,13,0,0
BRDA:189,13,1,1
BRDA:189,14,0,1
BRDA:189,14,1,1
BRDA:213,15,0,0
BRDA:213,15,1,1
BRDA:213,16,0,1
BRDA:213,16,1,1
BRDA:233,17,0,0
BRDA:233,17,1,1
BRDA:233,18,0,1
BRDA:233,18,1,1
BRDA:258,19,0,10
BRDA:258,19,1,0
BRDA:268,20,0,0
BRDA:268,20,1,1
BRDA:268,21,0,1
BRDA:268,21,1,1
BRDA:299,22,0,0
BRDA:299,22,1,1
BRDA:338,23,0,0
BRDA:338,23,1,0
BRDA:360,24,0,0
BRDA:360,24,1,0
BRDA:360,25,0,0
BRDA:360,25,1,0
BRDA:365,26,0,0
BRDA:365,26,1,0
BRDA:389,27,0,0
BRDA:389,27,1,0
BRDA:414,28,0,0
BRDA:414,28,1,1
BRDA:414,29,0,1
BRDA:414,29,1,1
BRDA:476,30,0,0
BRDA:476,30,1,0
BRDA:498,31,0,0
BRDA:498,31,1,0
BRDA:528,32,0,0
BRDA:528,32,1,0
BRDA:552,33,0,1
BRDA:553,34,0,0
BRDA:553,34,1,1
BRDA:553,35,0,1
BRDA:553,35,1,1
BRDA:570,36,0,619
BRDA:570,36,1,378
BRDA:591,37,0,1
BRDA:591,37,1,2
BRDA:591,38,0,3
BRDA:591,38,1,2
BRDA:591,38,2,2
BRDA:622,39,0,0
BRDA:622,39,1,0
BRDA:622,40,0,0
BRDA:622,40,1,0
BRDA:623,41,0,0
BRDA:623,41,1,0
BRDA:632,42,0,0
BRDA:632,42,1,0
BRDA:641,43,0,0
BRDA:641,43,1,0
BRDA:651,44,0,0
BRDA:651,44,1,0
BRDA:651,45,0,0
BRDA:651,45,1,0
BRDA:671,46,0,0
BRDA:671,46,1,0
BRDA:671,47,0,0
BRDA:671,47,1,0
BRDA:686,48,0,0
BRDA:686,48,1,0
BRDA:696,49,0,1
BRDA:696,49,1,0
BRDA:703,50,0,0
BRDA:703,50,1,0
BRDA:721,51,0,1
BRDA:721,51,1,0
BRDA:721,52,0,1
BRDA:721,52,1,1
BRDA:722,53,0,0
BRDA:722,53,1,0
BRDA:723,54,0,0
BRDA:723,54,1,0
BRDA:741,55,0,0
BRDA:741,55,1,0
BRDA:761,56,0,0
BRDA:761,56,1,0
BRDA:761,57,0,0
BRDA:761,57,1,0
BRDA:761,57,2,0
BRDA:772,58,0,0
BRDA:772,58,1,0
BRDA:774,59,0,0
BRDA:774,59,1,0
BRDA:783,60,0,0
BRDA:783,60,1,0
BRDA:794,61,0,0
BRDA:795,62,0,0
BRDA:795,62,1,0
BRDA:795,63,0,0
BRDA:795,63,1,0
BRDA:811,64,0,0
BRDA:811,64,1,0
BRDA:816,65,0,0
BRDA:816,65,1,0
BRDA:817,66,0,0
BRDA:817,66,1,0
BRDA:831,67,0,0
BRDA:831,67,1,0
BRDA:872,68,0,0
BRDA:872,68,1,0
BRDA:883,69,0,0
BRDA:883,69,1,0
BRDA:894,70,0,0
BRDA:894,70,1,0
BRDA:894,71,0,0
BRDA:894,71,1,0
BRDA:911,72,0,0
BRDA:911,72,1,0
BRDA:923,73,0,0
BRDA:923,73,1,0
BRDA:947,74,0,0
BRDA:947,74,1,1
BRDA:954,75,0,1
BRDA:963,76,0,1
BRDA:1023,77,0,100
BRDA:1023,77,1,0
BRDA:1051,78,0,193199
BRDA:1051,78,1,301801
BRDA:1062,79,0,0
BRDA:1062,79,1,500
BRDA:1087,80,0,0
BRDA:1087,80,1,990
BRDA:1116,81,0,10
BRDA:1116,81,1,0
BRDA:1167,82,0,1
BRDA:1167,82,1,100
BRDA:1167,83,0,1
BRDA:1167,83,1,99
BRDA:1167,84,0,1
BRDA:1167,84,1,100
BRDA:1167,85,0,1
BRDA:1167,85,1,99
BRDA:1167,86,0,1
BRDA:1167,86,1,100
BRDA:1174,87,0,18
BRDA:1174,87,1,5032
BRDA:1210,88,0,0
BRDA:1210,88,1,2
BRDA:1247,89,0,0
BRDA:1247,89,1,2
BRDA:1252,90,0,2
BRDA:1252,90,1,0
BRDA:1253,91,0,2
BRDA:1253,91,1,0
BRDA:1275,92,0,0
BRDA:1275,92,1,2
BRDA:1289,93,0,8
BRDA:1289,93,1,12
BRDA:1313,94,0,0
BRDA:1313,94,1,0
BRDA:1313,95,0,0
BRDA:1313,95,1,0
BRDA:1319,96,0,0
BRDA:1319,96,1,0
BRDA:1323,97,0,0
BRDA:1323,97,1,0
BRDA:1325,98,0,0
BRDA:1325,98,1,0
BRDA:1325,99,0,0
BRDA:1325,99,1,0
BRDA:1329,100,0,0
BRDA:1329,100,1,0
BRDA:1329,101,0,0
BRDA:1329,101,1,0
BRDA:1336,102,0,0
BRDA:1336,102,1,0
BRDA:1338,103,0,0
BRDA:1338,103,1,0
BRDA:1338,104,0,0
BRDA:1338,104,1,0
BRDA:1338,104,2,0
BRDA:1338,104,3,0
BRDA:1343,105,0,0
BRDA:1343,105,1,0
BRDA:1355,106,0,0
BRDA:1355,106,1,0
BRDA:1357,107,0,0
BRDA:1357,107,1,0
BRDA:1363,108,0,0
BRDA:1363,108,1,0
BRDA:1365,109,0,0
BRDA:1365,109,1,0
BRDA:1365,110,0,0
BRDA:1365,110,1,0
BRDA:1368,111,0,0
BRDA:1368,111,1,0
BRDA:1368,112,0,0
BRDA:1368,112,1,0
BRDA:1373,113,0,0
BRDA:1373,113,1,0
BRDA:1379,114,0,0
BRDA:1379,114,1,0
BRDA:1381,115,0,0
BRDA:1381,115,1,0
BRDA:1381,116,0,0
BRDA:1381,116,1,0
BRDA:1382,117,0,0
BRDA:1382,117,1,0
BRDA:1384,118,0,0
BRDA:1384,118,1,0
BRDA:1384,119,0,0
BRDA:1384,119,1,0
BRDA:1385,120,0,0
BRDA:1385,120,1,0
BRDA:1389,121,0,0
BRDA:1389,121,1,0
BRDA:1389,122,0,0
BRDA:1389,122,1,0
BRDA:1390,123,0,0
BRDA:1390,123,1,0
BRDA:1390,124,0,0
BRDA:1390,124,1,0
BRDA:1392,125,0,0
BRDA:1392,125,1,0
BRDA:1393,126,0,0
BRDA:1393,126,1,0
BRF:252
BRH:71
end_of_record
TN:
SF:portfolio.js
FN:6,(anonymous_0)
FN:19,(anonymous_1)
FN:40,(anonymous_2)
FN:44,(anonymous_3)
FN:56,(anonymous_4)
FN:58,(anonymous_5)
FN:64,(anonymous_6)
FN:70,(anonymous_7)
FN:76,(anonymous_8)
FN:77,(anonymous_9)
FN:84,(anonymous_10)
FN:92,(anonymous_11)
FN:115,(anonymous_12)
FN:129,(anonymous_13)
FN:135,(anonymous_14)
FN:163,(anonymous_15)
FN:169,(anonymous_16)
FN:170,(anonymous_17)
FN:173,(anonymous_18)
FN:176,(anonymous_19)
FN:177,(anonymous_20)
FN:180,(anonymous_21)
FN:188,(anonymous_22)
FN:209,(anonymous_23)
FN:213,(anonymous_24)
FN:214,(anonymous_25)
FN:216,(anonymous_26)
FN:219,(anonymous_27)
FN:222,(anonymous_28)
FN:227,(anonymous_29)
FN:236,(anonymous_30)
FN:260,(anonymous_31)
FN:264,(anonymous_32)
FN:268,(anonymous_33)
FN:272,(anonymous_34)
FN:274,(anonymous_35)
FN:280,(anonymous_36)
FN:304,(anonymous_37)
FN:371,(anonymous_38)
FN:394,(anonymous_39)
FN:398,(anonymous_40)
FN:408,(anonymous_41)
FN:409,(anonymous_42)
FN:419,(anonymous_43)
FN:422,(anonymous_44)
FN:427,(anonymous_45)
FN:432,(anonymous_46)
FN:437,(anonymous_47)
FN:442,(anonymous_48)
FN:456,(anonymous_49)
FN:485,(anonymous_50)
FN:511,(anonymous_51)
FN:516,(anonymous_52)
FN:550,(anonymous_53)
FN:555,(anonymous_54)
FN:599,(anonymous_55)
FN:616,(anonymous_56)
FN:621,(anonymous_57)
FN:624,(anonymous_58)
FN:628,(anonymous_59)
FN:632,(anonymous_60)
FN:645,(anonymous_61)
FN:652,(anonymous_62)
FN:658,(anonymous_63)
FN:665,(anonymous_64)
FN:673,(anonymous_65)
FN:679,(anonymous_66)
FNF:67
FNH:38
FNDA:1,(anonymous_0)
FNDA:3,(anonymous_1)
FNDA:0,(anonymous_2)
FNDA:0,(anonymous_3)
FNDA:12,(anonymous_4)
FNDA:0,(anonymous_5)
FNDA:12,(anonymous_6)
FNDA:7,(anonymous_7)
FNDA:9,(anonymous_8)
FNDA:9,(anonymous_9)
FNDA:9,(anonymous_10)
FNDA:0,(anonymous_11)
FNDA:0,(anonymous_12)
FNDA:7,(anonymous_13)
FNDA:0,(anonymous_14)
FNDA:0,(anonymous_15)
FNDA:0,(anonymous_16)
FNDA:0,(anonymous_17)
FNDA:0,(anonymous_18)
FNDA:0,(anonymous_19)
FNDA:0,(anonymous_20)
FNDA:0,(anonymous_21)
FNDA:0,(anonymous_22)
FNDA:2,(anonymous_23)
FNDA:5,(anonymous_24)
FNDA:5,(anonymous_25)
FNDA:5,(anonymous_26)
FNDA:3,(anonymous_27)
FNDA:2,(anonymous_28)
FNDA:5,(anonymous_29)
FNDA:4,(anonymous_30)
FNDA:1,(anonymous_31)
FNDA:3,(anonymous_32)
FNDA:0,(anonymous_33)
FNDA:9,(anonymous_34)
FNDA:6,(anonymous_35)
FNDA:0,(anonymous_36)
FNDA:2,(anonymous_37)
FNDA:5,(anonymous_38)
FNDA:6,(anonymous_39)
FNDA:6,(anonymous_40)
FNDA:4,(anonymous_41)
FNDA:6,(anonymous_42)
FNDA:2,(anonymous_43)
FNDA:2,(anonymous_44)
FNDA:4,(anonymous_45)
FNDA:6,(anonymous_46)
FNDA:6,(anonymous_47)
FNDA:6,(anonymous_48)
FNDA:0,(anonymous_49)
FNDA:0,(anonymous_50)
FNDA:0,(anonymous_51)
FNDA:1,(anonymous_52)
FNDA:2,(anonymous_53)
FNDA:1,(anonymous_54)
FNDA:1,(anonymous_55)
FNDA:0,(anonymous_56)
FNDA:0,(anonymous_57)
FNDA:0,(anonymous_58)
FNDA:0,(anonymous_59)
FNDA:0,(anonymous_60)
FNDA:6,(anonymous_61)
FNDA:0,(anonymous_62)
FNDA:0,(anonymous_63)
FNDA:0,(anonymous_64)
FNDA:0,(anonymous_65)
FNDA:0,(anonymous_66)
DA:1,1
DA:2,1
DA:3,1
DA:7,1
DA:8,1
DA:9,1
DA:10,1
DA:20,3
DA:21,3
DA:24,3
DA:35,3
DA:36,3
DA:41,0
DA:42,0
DA:44,0
DA:45,0
DA:47,0
DA:48,0
DA:49,0
DA:51,0
DA:52,0
DA:57,12
DA:58,0
DA:62,12
DA:63,12
DA:64,12
DA:66,12
DA:71,7
DA:72,7
DA:74,7
DA:75,9
DA:76,9
DA:77,9
DA:79,9
DA:80,9
DA:84,7
DA:85,9
DA:88,7
DA:93,0
DA:94,0
DA:96,0
DA:97,0
DA:100,0
DA:101,0
DA:103,0
DA:104,0
DA:105,0
DA:106,0
DA:107,0
DA:110,0
DA:111,0
DA:116,0
DA:117,0
DA:118,0
DA:119,0
DA:120,0
DA:122,0
DA:123,0
DA:130,7
DA:131,7
DA:136,0
DA:138,0
DA:140,0
DA:142,0
DA:143,0
DA:146,0
DA:147,0
DA:148,0
DA:150,0
DA:151,0
DA:152,0
DA:159,0
DA:164,0
DA:166,0
DA:167,0
DA:169,0
DA:170,0
DA:172,0
DA:173,0
DA:176,0
DA:177,0
DA:179,0
DA:180,0
DA:181,0
DA:184,0
DA:189,0
DA:190,0
DA:192,0
DA:193,0
DA:194,0
DA:195,0
DA:197,0
DA:205,0
DA:210,2
DA:211,2
DA:213,5
DA:214,5
DA:216,5
DA:217,1
DA:218,1
DA:219,3
DA:221,1
DA:222,2
DA:225,1
DA:227,5
DA:228,1
DA:229,1
DA:230,1
DA:232,1
DA:233,1
DA:234,1
DA:236,4
DA:237,5
DA:238,5
DA:239,3
DA:241,5
DA:242,5
DA:245,1
DA:261,1
DA:263,1
DA:264,3
DA:265,3
DA:268,1
DA:273,9
DA:274,9
DA:275,9
DA:276,9
DA:281,0
DA:282,0
DA:283,0
DA:285,0
DA:305,2
DA:306,2
DA:307,2
DA:309,2
DA:311,2
DA:312,2
DA:315,2
DA:318,2
DA:319,2
DA:320,2
DA:324,2
DA:325,2
DA:326,2
DA:327,2
DA:331,2
DA:332,0
DA:333,0
DA:337,2
DA:338,0
DA:339,0
DA:343,2
DA:344,0
DA:345,0
DA:349,2
DA:350,2
DA:351,2
DA:356,2
DA:357,2
DA:358,2
DA:359,2
DA:361,2
DA:372,5
DA:382,5
DA:385,2
DA:386,2
DA:387,6
DA:388,6
DA:389,6
DA:393,2
DA:394,6
DA:397,2
DA:398,6
DA:401,2
DA:402,2
DA:405,2
DA:408,4
DA:409,6
DA:412,2
DA:413,2
DA:415,2
DA:420,2
DA:422,2
DA:423,2
DA:424,2
DA:427,4
DA:428,2
DA:429,2
DA:432,6
DA:433,0
DA:434,0
DA:437,6
DA:438,0
DA:439,0
DA:442,6
DA:443,0
DA:444,0
DA:447,2
DA:448,2
DA:449,2
DA:452,2
DA:457,0
DA:458,0
DA:461,0
DA:468,0
DA:470,0
DA:471,0
DA:472,0
DA:475,0
DA:476,0
DA:477,0
DA:485,0
DA:486,0
DA:489,0
DA:490,0
DA:491,0
DA:498,0
DA:507,0
DA:511,0
DA:517,1
DA:523,1
DA:525,1
DA:527,2
DA:528,2
DA:529,0
DA:530,0
DA:534,2
DA:535,2
DA:537,2
DA:547,1
DA:550,2
DA:556,1
DA:557,1
DA:559,1
DA:567,1
DA:569,0
DA:570,0
DA:571,0
DA:572,1
DA:574,0
DA:575,0
DA:576,0
DA:580,1
DA:581,0
DA:582,0
DA:583,0
DA:584,1
DA:585,1
DA:586,1
DA:587,1
DA:588,1
DA:591,1
DA:600,1
DA:602,1
DA:603,0
DA:605,1
DA:606,0
DA:608,1
DA:609,0
DA:612,1
DA:617,0
DA:622,0
DA:624,0
DA:625,0
DA:628,0
DA:629,0
DA:632,0
DA:633,0
DA:636,0
DA:637,0
DA:638,0
DA:641,0
DA:646,6
DA:647,6
DA:648,6
DA:653,0
DA:658,0
DA:666,0
DA:674,0
DA:675,0
DA:680,0
DA:681,0
DA:682,0
DA:683,0
DA:690,0
DA:691,0
DA:694,0
DA:699,1
LF:288
LH:153
BRDA:20,0,0,3
BRDA:20,0,1,0
BRDA:29,1,0,3
BRDA:29,1,1,0
BRDA:42,2,0,0
BRDA:42,2,1,0
BRDA:45,3,0,0
BRDA:45,3,1,0
BRDA:56,4,0,12
BRDA:57,5,0,0
BRDA:57,5,1,12
BRDA:58,6,0,0
BRDA:58,6,1,0
BRDA:85,7,0,9
BRDA:85,7,1,0
BRDA:92,8,0,0
BRDA:96,9,0,0
BRDA:96,9,1,0
BRDA:96,10,0,0
BRDA:96,10,1,0
BRDA:111,11,0,0
BRDA:111,11,1,0
BRDA:131,12,0,7
BRDA:131,12,1,7
BRDA:135,13,0,0
BRDA:135,14,0,0
BRDA:138,15,0,0
BRDA:138,15,1,0
BRDA:142,16,0,0
BRDA:142,16,1,0
BRDA:148,17,0,0
BRDA:148,17,1,0
BRDA:151,18,0,0
BRDA:151,18,1,0
BRDA:163,19,0,0
BRDA:164,20,0,0
BRDA:164,20,1,0
BRDA:194,21,0,0
BRDA:194,21,1,0
BRDA:201,22,0,0
BRDA:201,22,1,0
BRDA:201,23,0,0
BRDA:201,23,1,0
BRDA:211,24,0,1
BRDA:211,24,1,1
BRDA:218,25,0,1
BRDA:218,25,1,0
BRDA:221,26,0,1
BRDA:221,26,1,0
BRDA:225,27,0,1
BRDA:225,27,1,0
BRDA:225,28,0,0
BRDA:225,28,1,0
BRDA:230,29,0,1
BRDA:230,29,1,0
BRDA:238,30,0,3
BRDA:238,30,1,2
BRDA:241,31,0,5
BRDA:241,31,1,1
BRDA:309,32,0,0
BRDA:309,32,1,2
BRDA:318,33,0,2
BRDA:318,33,1,0
BRDA:325,34,0,2
BRDA:325,34,1,0
BRDA:331,35,0,0
BRDA:331,35,1,2
BRDA:337,36,0,0
BRDA:337,36,1,2
BRDA:343,37,0,0
BRDA:343,37,1,2
BRDA:349,38,0,2
BRDA:349,38,1,0
BRDA:356,39,0,0
BRDA:356,39,1,2
BRDA:357,40,0,0
BRDA:357,40,1,2
BRDA:358,41,0,0
BRDA:358,41,1,2
BRDA:382,42,0,3
BRDA:382,42,1,2
BRDA:389,43,0,6
BRDA:389,43,1,0
BRDA:393,44,0,2
BRDA:393,44,1,0
BRDA:409,45,0,2
BRDA:409,45,1,0
BRDA:422,46,0,2
BRDA:422,46,1,0
BRDA:427,47,0,2
BRDA:427,47,1,0
BRDA:432,48,0,0
BRDA:432,48,1,2
BRDA:437,49,0,0
BRDA:437,49,1,2
BRDA:442,50,0,0
BRDA:442,50,1,2
BRDA:447,51,0,2
BRDA:447,51,1,0
BRDA:456,52,0,0
BRDA:462,53,0,0
BRDA:462,53,1,0
BRDA:463,54,0,0
BRDA:463,54,1,0
BRDA:464,55,0,0
BRDA:464,55,1,0
BRDA:472,56,0,0
BRDA:472,56,1,0
BRDA:475,57,0,0
BRDA:475,57,1,0
BRDA:486,58,0,0
BRDA:486,58,1,0
BRDA:489,59,0,0
BRDA:489,59,1,0
BRDA:489,60,0,0
BRDA:489,60,1,0
BRDA:502,61,0,0
BRDA:502,61,1,0
BRDA:502,62,0,0
BRDA:502,62,1,0
BRDA:516,63,0,0
BRDA:529,64,0,0
BRDA:529,64,1,0
BRDA:529,64,2,0
BRDA:542,65,0,2
BRDA:542,65,1,0
BRDA:543,66,0,2
BRDA:543,66,1,2
BRDA:550,67,0,0
BRDA:550,67,1,1
BRDA:567,68,0,0
BRDA:567,68,1,1
BRDA:567,69,0,1
BRDA:567,69,1,0
BRDA:572,70,0,0
BRDA:572,70,1,1
BRDA:572,71,0,1
BRDA:572,71,1,0
BRDA:580,72,0,0
BRDA:580,72,1,1
BRDA:584,73,0,1
BRDA:584,73,1,0
BRDA:602,74,0,0
BRDA:602,74,1,1
BRDA:602,75,0,1
BRDA:602,75,1,0
BRDA:605,76,0,0
BRDA:605,76,1,1
BRDA:608,77,0,0
BRDA:608,77,1,1
BRDA:608,78,0,1
BRDA:608,78,1,0
BRDA:624,79,0,0
BRDA:624,79,1,0
BRDA:628,80,0,0
BRDA:628,80,1,0
BRDA:632,81,0,0
BRDA:632,81,1,0
BRDA:636,82,0,0
BRDA:636,82,1,0
BRDA:675,83,0,0
BRDA:675,83,1,0
BRDA:679,84,0,0
BRDA:690,85,0,0
BRDA:690,85,1,0
BRF:165
BRH:53
end_of_record
TN:
SF:risk.js
FN:4,(anonymous_0)
FN:25,(anonymous_1)
FN:44,(anonymous_2)
FN:56,(anonymous_3)
FN:101,(anonymous_4)
FN:111,(anonymous_5)
FN:128,(anonymous_6)
FN:135,(anonymous_7)
FN:147,(anonymous_8)
FN:156,(anonymous_9)
FN:180,(anonymous_10)
FN:199,(anonymous_11)
FN:238,(anonymous_12)
FN:263,(anonymous_13)
FN:280,(anonymous_14)
FN:284,(anonymous_15)
FN:290,(anonymous_16)
FN:303,(anonymous_17)
FN:305,(anonymous_18)
FN:306,(anonymous_19)
FN:308,(anonymous_20)
FN:318,(anonymous_21)
FN:322,(anonymous_22)
FN:336,(anonymous_23)
FN:363,(anonymous_24)
FN:392,(anonymous_25)
FN:406,(anonymous_26)
FN:423,(anonymous_27)
FN:471,(anonymous_28)
FN:483,(anonymous_29)
FN:497,(anonymous_30)
FN:502,(anonymous_31)
FN:514,(anonymous_32)
FN:517,(anonymous_33)
FN:527,(anonymous_34)
FN:556,(anonymous_35)
FN:561,(anonymous_36)
FN:566,(anonymous_37)
FN:583,(anonymous_38)
FN:605,(anonymous_39)
FN:618,(anonymous_40)
FN:636,(anonymous_41)
FN:651,(anonymous_42)
FN:668,(anonymous_43)
FN:684,(anonymous_44)
FN:719,(anonymous_45)
FN:731,(anonymous_46)
FN:741,(anonymous_47)
FN:750,(anonymous_48)
FN:759,(anonymous_49)
FN:765,(anonymous_50)
FN:771,(anonymous_51)
FN:787,(anonymous_52)
FNF:53
FNH:25
FNDA:2,(anonymous_0)
FNDA:2,(anonymous_1)
FNDA:1,(anonymous_2)
FNDA:5,(anonymous_3)
FNDA:5,(anonymous_4)
FNDA:3,(anonymous_5)
FNDA:28,(anonymous_6)
FNDA:20,(anonymous_7)
FNDA:3,(anonymous_8)
FNDA:200,(anonymous_9)
FNDA:3,(anonymous_10)
FNDA:2,(anonymous_11)
FNDA:3,(anonymous_12)
FNDA:0,(anonymous_13)
FNDA:0,(anonymous_14)
FNDA:0,(anonymous_15)
FNDA:0,(anonymous_16)
FNDA:0,(anonymous_17)
FNDA:0,(anonymous_18)
FNDA:0,(anonymous_19)
FNDA:0,(anonymous_20)
FNDA:0,(anonymous_21)
FNDA:0,(anonymous_22)
FNDA:0,(anonymous_23)
FNDA:0,(anonymous_24)
FNDA:0,(anonymous_25)
FNDA:6,(anonymous_26)
FNDA:4,(anonymous_27)
FNDA:1,(anonymous_28)
FNDA:0,(anonymous_29)
FNDA:0,(anonymous_30)
FNDA:0,(anonymous_31)
FNDA:0,(anonymous_32)
FNDA:0,(anonymous_33)
FNDA:0,(anonymous_34)
FNDA:0,(anonymous_35)
FNDA:0,(anonymous_36)
FNDA:4,(anonymous_37)
FNDA:1,(anonymous_38)
FNDA:1,(anonymous_39)
FNDA:1,(anonymous_40)
FNDA:1,(anonymous_41)
FNDA:1,(anonymous_42)
FNDA:3,(anonymous_43)
FNDA:0,(anonymous_44)
FNDA:1,(anonymous_45)
FNDA:1,(anonymous_46)
FNDA:0,(anonymous_47)
FNDA:0,(anonymous_48)
FNDA:0,(anonymous_49)
FNDA:0,(anonymous_50)
FNDA:0,(anonymous_51)
FNDA:0,(anonymous_52)
DA:1,2
DA:5,2
DA:6,2
DA:7,2
DA:8,2
DA:9,2
DA:17,2
DA:18,2
DA:19,2
DA:20,2
DA:21,2
DA:26,2
DA:27,1
DA:32,1
DA:33,1
DA:34,1
DA:36,1
DA:37,1
DA:40,1
DA:46,1
DA:50,1
DA:52,1
DA:58,5
DA:59,4
DA:60,4
DA:61,2
DA:62,2
DA:63,398
DA:65,2
DA:67,2
DA:73,5
DA:74,5
DA:77,5
DA:80,5
DA:81,5
DA:84,5
DA:85,5
DA:88,5
DA:89,5
DA:91,5
DA:103,5
DA:104,5
DA:105,5
DA:106,2
DA:107,2
DA:112,3
DA:113,3
DA:114,1
DA:118,2
DA:119,2
DA:120,198
DA:121,198
DA:122,198
DA:123,198
DA:127,2
DA:128,28
DA:131,2
DA:132,2
DA:135,20
DA:136,2
DA:138,2
DA:148,3
DA:149,3
DA:152,3
DA:155,3
DA:156,200
DA:160,3
DA:161,3
DA:162,0
DA:163,3
DA:164,0
DA:167,3
DA:169,3
DA:181,3
DA:183,3
DA:184,0
DA:185,3
DA:186,0
DA:189,3
DA:190,0
DA:191,3
DA:192,0
DA:195,3
DA:200,2
DA:203,2
DA:204,0
DA:210,0
DA:211,0
DA:215,2
DA:216,2
DA:219,2
DA:222,2
DA:223,1
DA:224,1
DA:226,1
DA:230,2
DA:231,2
DA:232,2
DA:233,2
DA:234,2
DA:240,3
DA:241,1
DA:242,1
DA:246,2
DA:247,2
DA:248,2
DA:249,0
DA:250,0
DA:254,2
DA:255,1
DA:256,1
DA:259,1
DA:265,0
DA:268,0
DA:271,0
DA:272,0
DA:273,0
DA:276,0
DA:281,0
DA:283,0
DA:284,0
DA:286,0
DA:291,0
DA:293,0
DA:294,0
DA:297,0
DA:298,0
DA:304,0
DA:305,0
DA:306,0
DA:308,0
DA:310,0
DA:312,0
DA:314,0
DA:319,0
DA:322,0
DA:325,0
DA:326,0
DA:329,0
DA:330,0
DA:332,0
DA:337,0
DA:339,0
DA:340,0
DA:341,0
DA:344,0
DA:345,0
DA:348,0
DA:350,0
DA:359,0
DA:364,0
DA:365,0
DA:367,0
DA:393,0
DA:401,0
DA:402,0
DA:407,6
DA:418,6
DA:419,6
DA:424,4
DA:425,4
DA:427,4
DA:429,4
DA:431,4
DA:432,3
DA:434,3
DA:436,0
DA:437,3
DA:439,3
DA:443,3
DA:444,3
DA:445,3
DA:450,0
DA:451,0
DA:453,0
DA:454,0
DA:455,0
DA:456,0
DA:460,0
DA:461,0
DA:462,0
DA:467,4
DA:472,1
DA:473,1
DA:475,1
DA:476,1
DA:478,0
DA:484,0
DA:492,0
DA:493,0
DA:498,0
DA:504,0
DA:505,0
DA:508,0
DA:510,0
DA:515,0
DA:517,0
DA:522,0
DA:523,0
DA:528,0
DA:529,0
DA:532,0
DA:533,0
DA:534,0
DA:535,0
DA:536,0
DA:540,0
DA:541,0
DA:542,0
DA:544,0
DA:545,0
DA:552,0
DA:557,0
DA:562,0
DA:567,4
DA:578,4
DA:579,4
DA:584,1
DA:585,1
DA:588,1
DA:591,1
DA:592,1
DA:593,1
DA:601,0
DA:606,1
DA:607,1
DA:609,1
DA:619,1
DA:620,1
DA:623,1
DA:624,1
DA:625,1
DA:628,1
DA:629,1
DA:632,1
DA:637,1
DA:638,1
DA:640,1
DA:652,1
DA:662,1
DA:663,1
DA:664,1
DA:669,3
DA:678,3
DA:679,3
DA:680,3
DA:685,0
DA:686,0
DA:689,0
DA:690,0
DA:691,0
DA:692,0
DA:695,0
DA:700,0
DA:701,0
DA:702,0
DA:705,0
DA:706,0
DA:715,0
DA:720,1
DA:721,1
DA:724,1
DA:725,1
DA:726,1
DA:731,1
DA:737,0
DA:742,0
DA:743,0
DA:744,0
DA:745,0
DA:751,0
DA:752,0
DA:753,0
DA:754,0
DA:760,0
DA:761,0
DA:766,0
DA:767,0
DA:772,0
DA:773,0
DA:775,0
DA:777,0
DA:788,0
DA:789,0
DA:790,0
DA:792,0
DA:800,2
LF:287
LH:159
BRDA:25,0,0,0
BRDA:26,1,0,1
BRDA:26,1,1,1
BRDA:26,2,0,2
BRDA:26,2,1,1
BRDA:26,2,2,1
BRDA:44,3,0,0
BRDA:44,4,0,0
BRDA:56,5,0,0
BRDA:56,6,0,4
BRDA:58,7,0,4
BRDA:58,7,1,1
BRDA:60,8,0,2
BRDA:60,8,1,2
BRDA:103,9,0,0
BRDA:103,9,1,5
BRDA:104,10,0,0
BRDA:104,10,1,5
BRDA:105,11,0,3
BRDA:105,11,1,2
BRDA:106,12,0,0
BRDA:106,12,1,2
BRDA:111,13,0,0
BRDA:113,14,0,1
BRDA:113,14,1,2
BRDA:147,15,0,0
BRDA:161,16,0,0
BRDA:161,16,1,3
BRDA:161,17,0,3
BRDA:161,17,1,3
BRDA:163,18,0,0
BRDA:163,18,1,3
BRDA:183,19,0,0
BRDA:183,19,1,3
BRDA:185,20,0,0
BRDA:185,20,1,3
BRDA:189,21,0,0
BRDA:189,21,1,3
BRDA:191,22,0,0
BRDA:191,22,1,3
BRDA:203,23,0,0
BRDA:203,23,1,2
BRDA:206,24,0,0
BRDA:206,24,1,0
BRDA:207,25,0,0
BRDA:207,25,1,0
BRDA:222,26,0,1
BRDA:222,26,1,1
BRDA:230,27,0,2
BRDA:230,27,1,1
BRDA:233,28,0,1
BRDA:233,28,1,1
BRDA:240,29,0,1
BRDA:240,29,1,2
BRDA:248,30,0,0
BRDA:248,30,1,2
BRDA:248,31,0,2
BRDA:248,31,1,2
BRDA:254,32,0,1
BRDA:254,32,1,1
BRDA:263,33,0,0
BRDA:271,34,0,0
BRDA:271,34,1,0
BRDA:280,35,0,0
BRDA:281,36,0,0
BRDA:281,36,1,0
BRDA:290,37,0,0
BRDA:291,38,0,0
BRDA:291,38,1,0
BRDA:303,39,0,0
BRDA:310,40,0,0
BRDA:310,40,1,0
BRDA:318,41,0,0
BRDA:318,42,0,0
BRDA:319,43,0,0
BRDA:319,43,1,0
BRDA:336,44,0,0
BRDA:365,45,0,0
BRDA:365,45,1,0
BRDA:380,46,0,0
BRDA:380,46,1,0
BRDA:406,47,0,0
BRDA:423,48,0,0
BRDA:425,49,0,0
BRDA:425,49,1,4
BRDA:429,50,0,4
BRDA:429,50,1,0
BRDA:431,51,0,3
BRDA:431,51,1,1
BRDA:434,52,0,0
BRDA:434,52,1,3
BRDA:437,53,0,3
BRDA:437,53,1,0
BRDA:443,54,0,3
BRDA:443,54,1,0
BRDA:450,55,0,0
BRDA:450,55,1,0
BRDA:453,56,0,0
BRDA:453,56,1,0
BRDA:455,57,0,0
BRDA:455,57,1,0
BRDA:460,58,0,0
BRDA:460,58,1,0
BRDA:471,59,0,0
BRDA:473,60,0,0
BRDA:473,60,1,1
BRDA:475,61,0,1
BRDA:475,61,1,0
BRDA:483,62,0,0
BRDA:498,63,0,0
BRDA:498,63,1,0
BRDA:514,64,0,0
BRDA:527,65,0,0
BRDA:529,66,0,0
BRDA:529,66,1,0
BRDA:529,67,0,0
BRDA:529,67,1,0
BRDA:534,68,0,0
BRDA:534,68,1,0
BRDA:540,69,0,0
BRDA:540,69,1,0
BRDA:546,70,0,0
BRDA:546,70,1,0
BRDA:548,71,0,0
BRDA:548,71,1,0
BRDA:566,72,0,3
BRDA:585,73,0,0
BRDA:585,73,1,1
BRDA:585,74,0,1
BRDA:585,74,1,1
BRDA:588,75,0,0
BRDA:588,75,1,1
BRDA:592,76,0,1
BRDA:592,76,1,0
BRDA:607,77,0,0
BRDA:607,77,1,1
BRDA:620,78,0,0
BRDA:620,78,1,1
BRDA:623,79,0,1
BRDA:623,79,1,1
BRDA:625,80,0,1
BRDA:625,80,1,1
BRDA:628,81,0,1
BRDA:628,81,1,0
BRDA:628,82,0,1
BRDA:628,82,1,1
BRDA:641,83,0,1
BRDA:641,83,1,0
BRDA:642,84,0,1
BRDA:642,84,1,0
BRDA:643,85,0,1
BRDA:643,85,1,0
BRDA:644,86,0,1
BRDA:644,86,1,0
BRDA:645,87,0,1
BRDA:645,87,1,0
BRDA:651,88,0,0
BRDA:668,89,0,2
BRDA:686,90,0,0
BRDA:686,90,1,0
BRDA:686,91,0,0
BRDA:686,91,1,0
BRDA:689,92,0,0
BRDA:689,92,1,0
BRDA:692,93,0,0
BRDA:692,93,1,0
BRDA:702,94,0,0
BRDA:702,94,1,0
BRDA:705,95,0,0
BRDA:705,95,1,0
BRDA:721,96,0,0
BRDA:721,96,1,1
BRDA:721,97,0,1
BRDA:721,97,1,1
BRDA:725,98,0,1
BRDA:725,98,1,0
BRDA:743,99,0,0
BRDA:743,99,1,0
BRDA:752,100,0,0
BRDA:752,100,1,0
BRDA:761,101,0,0
BRDA:761,101,1,0
BRDA:761,102,0,0
BRDA:761,102,1,0
BRDA:767,103,0,0
BRDA:767,103,1,0
BRDA:767,104,0,0
BRDA:767,104,1,0
BRDA:771,105,0,0
BRDA:772,106,0,0
BRDA:772,106,1,0
BRDA:775,107,0,0
BRDA:775,107,1,0
BRDA:779,108,0,0
BRDA:779,108,1,0
BRDA:780,109,0,0
BRDA:780,109,1,0
BRDA:781,110,0,0
BRDA:781,110,1,0
BRDA:782,111,0,0
BRDA:782,111,1,0
BRDA:787,112,0,0
BRDA:788,113,0,0
BRDA:788,113,1,0
BRDA:789,114,0,0
BRDA:789,114,1,0
BRDA:790,115,0,0
BRDA:790,115,1,0
BRF:208
BRH:73
end_of_record
TN:
SF:sentiment.js
FN:6,(anonymous_0)
FN:15,(anonymous_1)
FN:26,(anonymous_2)
FN:42,(anonymous_3)
FN:48,(anonymous_4)
FN:53,(anonymous_5)
FN:60,(anonymous_6)
FN:91,(anonymous_7)
FN:103,(anonymous_8)
FN:135,(anonymous_9)
FN:164,(anonymous_10)
FN:168,(anonymous_11)
FN:169,(anonymous_12)
FN:174,(anonymous_13)
FN:193,(anonymous_14)
FN:200,(anonymous_15)
FN:217,(anonymous_16)
FN:221,(anonymous_17)
FN:225,(anonymous_18)
FN:241,(anonymous_19)
FN:247,(anonymous_20)
FN:248,(anonymous_21)
FN:271,(anonymous_22)
FN:276,(anonymous_23)
FN:277,(anonymous_24)
FN:281,(anonymous_25)
FN:303,(anonymous_26)
FN:311,(anonymous_27)
FN:323,(anonymous_28)
FN:333,(anonymous_29)
FNF:30
FNH:28
FNDA:2,(anonymous_0)
FNDA:24,(anonymous_1)
FNDA:110,(anonymous_2)
FNDA:23,(anonymous_3)
FNDA:123,(anonymous_4)
FNDA:23,(anonymous_5)
FNDA:10,(anonymous_6)
FNDA:10,(anonymous_7)
FNDA:10,(anonymous_8)
FNDA:10,(anonymous_9)
FNDA:10,(anonymous_10)
FNDA:21,(anonymous_11)
FNDA:2,(anonymous_12)
FNDA:10,(anonymous_13)
FNDA:10,(anonymous_14)
FNDA:10,(anonymous_15)
FNDA:12,(anonymous_16)
FNDA:15,(anonymous_17)
FNDA:15,(anonymous_18)
FNDA:7,(anonymous_19)
FNDA:5,(anonymous_20)
FNDA:5,(anonymous_21)
FNDA:10,(anonymous_22)
FNDA:23,(anonymous_23)
FNDA:3,(anonymous_24)
FNDA:0,(anonymous_25)
FNDA:0,(anonymous_26)
FNDA:2,(anonymous_27)
FNDA:2,(anonymous_28)
FNDA:6,(anonymous_29)
DA:1,2
DA:2,2
DA:7,2
DA:8,2
DA:9,2
DA:10,2
DA:11,2
DA:16,24
DA:18,23
DA:20,23
DA:23,23
DA:26,110
DA:27,23
DA:29,23
DA:36,0
DA:37,0
DA:43,23
DA:48,123
DA:54,23
DA:55,11
DA:56,9
DA:61,10
DA:64,10
DA:65,10
DA:68,10
DA:70,10
DA:81,10
DA:82,10
DA:85,10
DA:87,10
DA:94,10
DA:104,10
DA:107,10
DA:108,0
DA:109,10
DA:110,0
DA:114,10
DA:115,0
DA:119,10
DA:120,10
DA:121,10
DA:123,10
DA:136,10
DA:139,10
DA:142,10
DA:143,10
DA:146,10
DA:147,10
DA:150,10
DA:151,10
DA:152,10
DA:155,10
DA:165,10
DA:166,10
DA:168,21
DA:169,2
DA:170,1
DA:175,10
DA:176,10
DA:179,10
DA:182,8
DA:185,5
DA:186,0
DA:189,5
DA:194,10
DA:195,10
DA:196,10
DA:201,10
DA:203,3
DA:204,3
DA:212,3
DA:213,3
DA:218,12
DA:219,12
DA:221,15
DA:223,12
DA:225,15
DA:226,6
DA:228,6
DA:229,6
DA:230,0
DA:232,6
DA:242,7
DA:243,7
DA:245,7
DA:247,5
DA:248,5
DA:251,3
DA:252,1
DA:258,2
DA:259,0
DA:267,2
DA:272,10
DA:273,10
DA:275,10
DA:276,23
DA:277,3
DA:285,0
DA:303,0
DA:304,0
DA:307,0
DA:312,2
DA:314,2
DA:315,3
DA:316,3
DA:317,3
DA:319,3
DA:323,2
DA:329,2
DA:334,6
DA:335,6
DA:336,6
DA:337,6
DA:341,2
LF:114
LH:102
BRDA:16,0,0,1
BRDA:16,0,1,23
BRDA:16,1,0,24
BRDA:16,1,1,23
BRDA:54,2,0,12
BRDA:54,2,1,11
BRDA:55,3,0,2
BRDA:55,3,1,9
BRDA:60,4,0,7
BRDA:61,5,0,10
BRDA:61,5,1,0
BRDA:73,6,0,10
BRDA:73,6,1,0
BRDA:107,7,0,0
BRDA:107,7,1,10
BRDA:107,8,0,10
BRDA:107,8,1,0
BRDA:109,9,0,0
BRDA:109,9,1,10
BRDA:109,10,0,10
BRDA:109,10,1,0
BRDA:114,11,0,0
BRDA:114,11,1,10
BRDA:150,12,0,10
BRDA:150,12,1,0
BRDA:150,13,0,10
BRDA:150,13,1,10
BRDA:157,14,0,0
BRDA:157,14,1,10
BRDA:157,15,0,0
BRDA:157,15,1,10
BRDA:159,16,0,8
BRDA:159,16,1,2
BRDA:159,17,0,0
BRDA:159,17,1,2
BRDA:168,18,0,9
BRDA:168,18,1,1
BRDA:169,19,0,0
BRDA:169,19,1,1
BRDA:176,20,0,10
BRDA:176,20,1,0
BRDA:179,21,0,2
BRDA:179,21,1,8
BRDA:179,22,0,10
BRDA:179,22,1,8
BRDA:182,23,0,3
BRDA:182,23,1,5
BRDA:182,24,0,8
BRDA:182,24,1,5
BRDA:185,25,0,0
BRDA:185,25,1,5
BRDA:185,26,0,5
BRDA:185,26,1,5
BRDA:185,26,2,5
BRDA:185,26,3,5
BRDA:194,27,0,0
BRDA:194,27,1,10
BRDA:195,28,0,0
BRDA:195,28,1,10
BRDA:201,29,0,7
BRDA:201,29,1,3
BRDA:203,30,0,3
BRDA:203,30,1,2
BRDA:212,31,0,0
BRDA:212,31,1,3
BRDA:217,32,0,12
BRDA:218,33,0,12
BRDA:218,33,1,6
BRDA:223,34,0,6
BRDA:223,34,1,6
BRDA:229,35,0,6
BRDA:229,35,1,0
BRDA:230,36,0,0
BRDA:230,36,1,0
BRDA:245,37,0,4
BRDA:245,37,1,3
BRDA:245,38,0,7
BRDA:245,38,1,7
BRDA:251,39,0,1
BRDA:251,39,1,2
BRDA:251,40,0,3
BRDA:251,40,1,3
BRDA:251,40,2,1
BRDA:258,41,0,0
BRDA:258,41,1,2
BRDA:258,42,0,2
BRDA:258,42,1,0
BRDA:258,42,2,0
BRDA:271,43,0,0
BRDA:276,44,0,23
BRDA:276,44,1,7
BRDA:281,45,0,0
BRDA:311,46,0,0
BRDA:322,47,0,1
BRDA:322,47,1,2
BRF:95
BRH:69
end_of_record
TN:
SF:stats.js
FN:7,(anonymous_0)
FN:17,(anonymous_1)
FN:41,(anonymous_2)
FN:74,(anonymous_3)
FN:91,(anonymous_4)
FN:113,(anonymous_5)
FN:121,(anonymous_6)
FN:122,(anonymous_7)
FN:131,(anonymous_8)
FN:165,(anonymous_9)
FN:166,(anonymous_10)
FN:194,(anonymous_11)
FN:227,(anonymous_12)
FN:272,(anonymous_13)
FN:274,(anonymous_14)
FN:281,(anonymous_15)
FN:301,(anonymous_16)
FN:317,(anonymous_17)
FN:334,(anonymous_18)
FN:342,(anonymous_19)
FN:352,(anonymous_20)
FN:360,(anonymous_21)
FN:370,(anonymous_22)
FN:372,(anonymous_23)
FN:380,(anonymous_24)
FN:395,(anonymous_25)
FN:411,(anonymous_26)
FN:419,(anonymous_27)
FN:420,(anonymous_28)
FN:464,(anonymous_29)
FN:466,(anonymous_30)
FN:467,(anonymous_31)
FN:480,(anonymous_32)
FN:500,(anonymous_33)
FN:501,(anonymous_34)
FN:516,(anonymous_35)
FNF:36
FNH:29
FNDA:3,(anonymous_0)
FNDA:2,(anonymous_1)
FNDA:2,(anonymous_2)
FNDA:1,(anonymous_3)
FNDA:1,(anonymous_4)
FNDA:1,(anonymous_5)
FNDA:14,(anonymous_6)
FNDA:14,(anonymous_7)
FNDA:1,(anonymous_8)
FNDA:1,(anonymous_9)
FNDA:10,(anonymous_10)
FNDA:0,(anonymous_11)
FNDA:0,(anonymous_12)
FNDA:0,(anonymous_13)
FNDA:0,(anonymous_14)
FNDA:0,(anonymous_15)
FNDA:0,(anonymous_16)
FNDA:2,(anonymous_17)
FNDA:1,(anonymous_18)
FNDA:5,(anonymous_19)
FNDA:1,(anonymous_20)
FNDA:5,(anonymous_21)
FNDA:45,(anonymous_22)
FNDA:46,(anonymous_23)
FNDA:1,(anonymous_24)
FNDA:3,(anonymous_25)
FNDA:5,(anonymous_26)
FNDA:150,(anonymous_27)
FNDA:150,(anonymous_28)
FNDA:3,(anonymous_29)
FNDA:150,(anonymous_30)
FNDA:150,(anonymous_31)
FNDA:2,(anonymous_32)
FNDA:59,(anonymous_33)
FNDA:59,(anonymous_34)
FNDA:0,(anonymous_35)
DA:1,3
DA:8,3
DA:18,2
DA:20,0
DA:21,0
DA:23,0
DA:24,0
DA:26,0
DA:27,0
DA:28,0
DA:29,0
DA:30,0
DA:33,0
DA:42,2
DA:43,1
DA:46,1
DA:54,1
DA:55,1
DA:57,1
DA:58,4
DA:59,1
DA:60,1
DA:64,1
DA:75,1
DA:76,1
DA:78,1
DA:79,19
DA:80,19
DA:81,19
DA:84,1
DA:85,1
DA:92,1
DA:93,1
DA:96,1
DA:97,3
DA:98,45
DA:99,45
DA:100,45
DA:101,0
DA:106,1
DA:107,1
DA:114,1
DA:115,1
DA:117,1
DA:118,14
DA:121,14
DA:122,14
DA:123,1
DA:125,1
DA:132,1
DA:133,1
DA:134,1
DA:137,1
DA:138,9
DA:140,5
DA:141,5
DA:143,5
DA:144,25
DA:145,25
DA:146,25
DA:150,5
DA:151,5
DA:152,0
DA:153,0
DA:157,1
DA:166,10
DA:167,1
DA:169,1
DA:170,9
DA:171,9
DA:172,9
DA:173,9
DA:177,1
DA:178,10
DA:179,3
DA:180,30
DA:185,1
DA:195,0
DA:196,0
DA:199,0
DA:200,0
DA:202,0
DA:203,0
DA:207,0
DA:208,0
DA:210,0
DA:211,0
DA:212,0
DA:214,0
DA:217,0
DA:228,0
DA:230,0
DA:232,0
DA:233,0
DA:234,0
DA:235,0
DA:238,0
DA:239,0
DA:240,0
DA:242,0
DA:245,0
DA:246,0
DA:247,0
DA:248,0
DA:249,0
DA:252,0
DA:253,0
DA:254,0
DA:255,0
DA:256,0
DA:259,0
DA:262,0
DA:273,0
DA:274,0
DA:275,0
DA:282,0
DA:283,0
DA:285,0
DA:286,0
DA:287,0
DA:288,0
DA:292,0
DA:302,0
DA:303,0
DA:306,0
DA:307,0
DA:309,0
DA:310,0
DA:318,2
DA:320,1
DA:335,1
DA:336,1
DA:338,1
DA:339,1
DA:341,1
DA:342,1
DA:343,5
DA:346,1
DA:353,1
DA:354,1
DA:356,1
DA:357,1
DA:359,1
DA:360,1
DA:361,5
DA:364,1
DA:371,45
DA:372,46
DA:381,1
DA:382,1
DA:383,1
DA:385,0
DA:386,0
DA:396,3
DA:397,3
DA:398,3
DA:400,0
DA:401,0
DA:412,5
DA:413,2
DA:416,3
DA:419,150
DA:420,150
DA:421,3
DA:422,3
DA:425,3
DA:428,3
DA:429,3
DA:430,12
DA:431,12
DA:433,3
DA:436,3
DA:437,3
DA:440,3
DA:441,0
DA:442,0
DA:445,3
DA:446,1
DA:447,1
DA:450,3
DA:465,3
DA:466,150
DA:467,3
DA:468,150
DA:469,150
DA:472,3
DA:481,2
DA:482,1
DA:486,1
DA:487,1
DA:488,59
DA:491,1
DA:492,1
DA:495,1
DA:496,1
DA:497,59
DA:500,59
DA:501,59
DA:503,1
DA:517,0
DA:521,3
LF:201
LH:130
BRDA:17,0,0,0
BRDA:18,1,0,2
BRDA:18,1,1,0
BRDA:33,2,0,0
BRDA:33,2,1,0
BRDA:42,3,0,1
BRDA:42,3,1,1
BRDA:58,4,0,1
BRDA:58,4,1,3
BRDA:79,5,0,10
BRDA:79,5,1,9
BRDA:80,6,0,10
BRDA:80,6,1,9
BRDA:81,7,0,14
BRDA:81,7,1,5
BRDA:100,8,0,0
BRDA:100,8,1,45
BRDA:106,9,0,0
BRDA:106,9,1,1
BRDA:125,10,0,0
BRDA:125,10,1,1
BRDA:138,11,0,4
BRDA:138,11,1,5
BRDA:144,12,0,25
BRDA:144,12,1,0
BRDA:145,13,0,0
BRDA:145,13,1,25
BRDA:150,14,0,5
BRDA:150,14,1,0
BRDA:151,15,0,0
BRDA:151,15,1,5
BRDA:178,16,0,3
BRDA:178,16,1,7
BRDA:194,17,0,0
BRDA:195,18,0,0
BRDA:195,18,1,0
BRDA:202,19,0,0
BRDA:202,19,1,0
BRDA:214,20,0,0
BRDA:214,20,1,0
BRDA:230,21,0,0
BRDA:230,21,1,0
BRDA:230,21,2,0
BRDA:230,21,3,0
BRDA:233,22,0,0
BRDA:233,22,1,0
BRDA:238,23,0,0
BRDA:238,23,1,0
BRDA:245,24,0,0
BRDA:245,24,1,0
BRDA:252,25,0,0
BRDA:252,25,1,0
BRDA:255,26,0,0
BRDA:255,26,1,0
BRDA:255,27,0,0
BRDA:255,27,1,0
BRDA:286,28,0,0
BRDA:286,28,1,0
BRDA:302,29,0,0
BRDA:302,29,1,0
BRDA:302,30,0,0
BRDA:302,30,1,0
BRDA:302,30,2,0
BRDA:302,30,3,0
BRDA:318,31,0,1
BRDA:318,31,1,1
BRDA:336,32,0,0
BRDA:336,32,1,1
BRDA:354,33,0,0
BRDA:354,33,1,1
BRDA:371,34,0,0
BRDA:371,34,1,45
BRDA:381,35,0,0
BRDA:381,35,1,1
BRDA:381,36,0,1
BRDA:381,36,1,1
BRDA:396,37,0,0
BRDA:396,37,1,3
BRDA:396,38,0,3
BRDA:396,38,1,3
BRDA:411,39,0,0
BRDA:412,40,0,2
BRDA:412,40,1,3
BRDA:433,41,0,3
BRDA:433,41,1,0
BRDA:440,42,0,0
BRDA:440,42,1,3
BRDA:440,43,0,3
BRDA:440,43,1,1
BRDA:441,44,0,0
BRDA:441,44,1,0
BRDA:445,45,0,1
BRDA:445,45,1,2
BRDA:445,46,0,3
BRDA:445,46,1,1
BRDA:472,47,0,1
BRDA:472,47,1,2
BRDA:481,48,0,1
BRDA:481,48,1,1
BRDA:481,49,0,2
BRDA:481,49,1,2
BRDA:509,50,0,0
BRDA:509,50,1,1
BRF:103
BRH:50
end_of_record
